Request method:	POST
Request URI:	https://jobapplicationjwt.herokuapp.com/users/sign-up
Proxy:			<none>
Request params:	<none>
Query params:	<none>
Form params:	<none>
Path params:	<none>
Headers:		Accept=application/json
				Content-Type=application/json; charset=UTF-8
Cookies:		<none>
Multiparts:		<none>
Body:
.\data\userData.json
HTTP/1.1 200 
Server: Cowboy
Connection: keep-alive
X-Content-Type-Options: nosniff
X-Xss-Protection: 1; mode=block
Cache-Control: no-cache, no-store, max-age=0, must-revalidate
Pragma: no-cache
Expires: 0
Strict-Transport-Security: max-age=31536000 ; includeSubDomains
X-Frame-Options: DENY
Content-Type: application/json
Content-Length: 32
Date: Fri, 22 Oct 2021 07:11:08 GMT
Via: 1.1 vegur

Manikandan register successfully
Request method:	POST
Request URI:	https://jobapplicationjwt.herokuapp.com/users/authenticate
Proxy:			<none>
Request params:	<none>
Query params:	<none>
Form params:	<none>
Path params:	<none>
Headers:		Accept=application/json
				Content-Type=application/json; charset=UTF-8
Cookies:		<none>
Multiparts:		<none>
Body:
.\data\userData.json
HTTP/1.1 200 
Server: Cowboy
Connection: keep-alive
Vary: Origin
Vary: Access-Control-Request-Method
Vary: Access-Control-Request-Headers
X-Content-Type-Options: nosniff
X-Xss-Protection: 1; mode=block
Cache-Control: no-cache, no-store, max-age=0, must-revalidate
Pragma: no-cache
Expires: 0
Strict-Transport-Security: max-age=31536000 ; includeSubDomains
X-Frame-Options: DENY
Content-Type: application/json
Transfer-Encoding: chunked
Date: Fri, 22 Oct 2021 07:11:09 GMT
Via: 1.1 vegur

{
    "token": "eyJhbGciOiJIUzUxMiJ9.eyJzdWIiOiJNYW5pa2FuZGFuIiwiZXhwIjoxNjM0ODkzODcwLCJpYXQiOjE2MzQ4ODY2NzB9.YHfj29Ws657YQkkIXblzMmbTt2E6uSbAcdTiFhdtea2A_e_8HWi96nT2h-S86iUBApt9uqwnDInlO5898YMsBQ"
}
Request method:	POST
Request URI:	https://jobapplicationjwt.herokuapp.com/auth/webapi/add
Proxy:			<none>
Request params:	<none>
Query params:	<none>
Form params:	<none>
Path params:	<none>
Headers:		Accept=application/json
				Authorization=Bearer eyJhbGciOiJIUzUxMiJ9.eyJzdWIiOiJNYW5pa2FuZGFuIiwiZXhwIjoxNjM0ODkzODcwLCJpYXQiOjE2MzQ4ODY2NzB9.YHfj29Ws657YQkkIXblzMmbTt2E6uSbAcdTiFhdtea2A_e_8HWi96nT2h-S86iUBApt9uqwnDInlO5898YMsBQ
				Content-Type=application/json; charset=UTF-8
Cookies:		<none>
Multiparts:		<none>
Body:
.\data\projectData.json
HTTP/1.1 201 
Server: Cowboy
Connection: keep-alive
X-Content-Type-Options: nosniff
X-Xss-Protection: 1; mode=block
Cache-Control: no-cache, no-store, max-age=0, must-revalidate
Pragma: no-cache
Expires: 0
Strict-Transport-Security: max-age=31536000 ; includeSubDomains
X-Frame-Options: DENY
Content-Type: application/json
Transfer-Encoding: chunked
Date: Fri, 22 Oct 2021 07:11:13 GMT
Via: 1.1 vegur

{
    "jobId": 234,
    "jobTitle": "SDET Engineer",
    "jobDescription": "SDET Role",
    "experience": [
        "2 Years"
    ],
    "project": [
        {
            "projectName": "HCL",
            "technology": [
                "java"
            ]
        }
    ]
}
Request method:	GET
Request URI:	https://jobapplicationjwt.herokuapp.com/auth/webapi/all
Proxy:			<none>
Request params:	<none>
Query params:	<none>
Form params:	<none>
Path params:	<none>
Headers:		Accept=application/json
				Authorization=Bearer eyJhbGciOiJIUzUxMiJ9.eyJzdWIiOiJNYW5pa2FuZGFuIiwiZXhwIjoxNjM0ODkzODcwLCJpYXQiOjE2MzQ4ODY2NzB9.YHfj29Ws657YQkkIXblzMmbTt2E6uSbAcdTiFhdtea2A_e_8HWi96nT2h-S86iUBApt9uqwnDInlO5898YMsBQ
				Content-Type=application/json; charset=UTF-8
Cookies:		<none>
Multiparts:		<none>
Body:			<none>
HTTP/1.1 200 
Server: Cowboy
Connection: keep-alive
X-Content-Type-Options: nosniff
X-Xss-Protection: 1; mode=block
Cache-Control: no-cache, no-store, max-age=0, must-revalidate
Pragma: no-cache
Expires: 0
Strict-Transport-Security: max-age=31536000 ; includeSubDomains
X-Frame-Options: DENY
Content-Type: application/json
Transfer-Encoding: chunked
Date: Fri, 22 Oct 2021 07:11:14 GMT
Via: 1.1 vegur

[
    {
        "jobId": 1,
        "jobTitle": "Software Engg",
        "jobDescription": "To develop andriod application",
        "experience": [
            "Google",
            "Apple",
            "Mobile Iron"
        ],
        "project": [
            {
                "projectName": "Movie App",
                "technology": [
                    "Kotlin",
                    "SQL Lite",
                    "Gradle"
                ]
            }
        ]
    },
    {
        "jobId": 123,
        "jobTitle": "Tester",
        "jobDescription": "Automation tester",
        "experience": [
            "2"
        ],
        "project": [
            {
                "projectName": "HCL",
                "technology": [
                    "java "
                ]
            }
        ]
    },
    {
        "jobId": 234,
        "jobTitle": "SDET Engineer",
        "jobDescription": "SDET Role",
        "experience": [
            "2 Years"
        ],
        "project": [
            {
                "projectName": "HCL",
                "technology": [
                    "java"
                ]
            }
        ]
    }
]
Request method:	GET
Request URI:	https://jobapplicationjwt.herokuapp.com/auth/webapi/find?id=234&jobTitle=SDET%20Engineer
Proxy:			<none>
Request params:	<none>
Query params:	id=234
				jobTitle=SDET Engineer
Form params:	<none>
Path params:	<none>
Headers:		Accept=application/json
				Authorization=Bearer eyJhbGciOiJIUzUxMiJ9.eyJzdWIiOiJNYW5pa2FuZGFuIiwiZXhwIjoxNjM0ODkzODcwLCJpYXQiOjE2MzQ4ODY2NzB9.YHfj29Ws657YQkkIXblzMmbTt2E6uSbAcdTiFhdtea2A_e_8HWi96nT2h-S86iUBApt9uqwnDInlO5898YMsBQ
				Content-Type=application/json; charset=UTF-8
Cookies:		<none>
Multiparts:		<none>
Body:			<none>
HTTP/1.1 200 
Server: Cowboy
Connection: keep-alive
X-Content-Type-Options: nosniff
X-Xss-Protection: 1; mode=block
Cache-Control: no-cache, no-store, max-age=0, must-revalidate
Pragma: no-cache
Expires: 0
Strict-Transport-Security: max-age=31536000 ; includeSubDomains
X-Frame-Options: DENY
Content-Type: application/json
Transfer-Encoding: chunked
Date: Fri, 22 Oct 2021 07:11:18 GMT
Via: 1.1 vegur

{
    "jobId": 234,
    "jobTitle": "SDET Engineer",
    "jobDescription": "SDET Role",
    "experience": [
        "2 Years"
    ],
    "project": [
        {
            "projectName": "HCL",
            "technology": [
                "java"
            ]
        }
    ]
}
Request method:	PUT
Request URI:	https://jobapplicationjwt.herokuapp.com/auth/webapi/update
Proxy:			<none>
Request params:	<none>
Query params:	<none>
Form params:	<none>
Path params:	<none>
Headers:		Accept=application/json
				Authorization=Bearer eyJhbGciOiJIUzUxMiJ9.eyJzdWIiOiJNYW5pa2FuZGFuIiwiZXhwIjoxNjM0ODkzODcwLCJpYXQiOjE2MzQ4ODY2NzB9.YHfj29Ws657YQkkIXblzMmbTt2E6uSbAcdTiFhdtea2A_e_8HWi96nT2h-S86iUBApt9uqwnDInlO5898YMsBQ
				Content-Type=application/json; charset=UTF-8
Cookies:		<none>
Multiparts:		<none>
Body:
.\data\updatePut.json
HTTP/1.1 200 
Server: Cowboy
Connection: keep-alive
X-Content-Type-Options: nosniff
X-Xss-Protection: 1; mode=block
Cache-Control: no-cache, no-store, max-age=0, must-revalidate
Pragma: no-cache
Expires: 0
Strict-Transport-Security: max-age=31536000 ; includeSubDomains
X-Frame-Options: DENY
Content-Type: application/json
Transfer-Encoding: chunked
Date: Fri, 22 Oct 2021 07:11:19 GMT
Via: 1.1 vegur

{
    "jobId": 234,
    "jobTitle": "SDET Engineer",
    "jobDescription": "SDET",
    "experience": [
        "4 Years"
    ],
    "project": [
        {
            "projectName": "HCL",
            "technology": [
                "java"
            ]
        }
    ]
}
Request method:	PATCH
Request URI:	https://jobapplicationjwt.herokuapp.com/auth/webapi/update/details?id=234&jobTitle=SDET%20Engineer&jobDescription=SDET
Proxy:			<none>
Request params:	<none>
Query params:	id=234
				jobTitle=SDET Engineer
				jobDescription=SDET
Form params:	<none>
Path params:	<none>
Headers:		Accept=application/json
				Authorization=Bearer eyJhbGciOiJIUzUxMiJ9.eyJzdWIiOiJNYW5pa2FuZGFuIiwiZXhwIjoxNjM0ODkzODcwLCJpYXQiOjE2MzQ4ODY2NzB9.YHfj29Ws657YQkkIXblzMmbTt2E6uSbAcdTiFhdtea2A_e_8HWi96nT2h-S86iUBApt9uqwnDInlO5898YMsBQ
				Content-Type=application/json; charset=UTF-8
Cookies:		<none>
Multiparts:		<none>
Body:			<none>
HTTP/1.1 200 
Server: Cowboy
Connection: keep-alive
X-Content-Type-Options: nosniff
X-Xss-Protection: 1; mode=block
Cache-Control: no-cache, no-store, max-age=0, must-revalidate
Pragma: no-cache
Expires: 0
Strict-Transport-Security: max-age=31536000 ; includeSubDomains
X-Frame-Options: DENY
Content-Type: application/json
Transfer-Encoding: chunked
Date: Fri, 22 Oct 2021 07:11:20 GMT
Via: 1.1 vegur

{
    "jobId": 234,
    "jobTitle": "SDET Engineer",
    "jobDescription": "SDET",
    "experience": [
        "4 Years"
    ],
    "project": [
        {
            "projectName": "HCL",
            "technology": [
                "java"
            ]
        }
    ]
}
Request method:	DELETE
Request URI:	https://jobapplicationjwt.herokuapp.com/auth/webapi/remove/234
Proxy:			<none>
Request params:	<none>
Query params:	<none>
Form params:	<none>
Path params:	id=234
Headers:		Accept=application/json
				Authorization=Bearer eyJhbGciOiJIUzUxMiJ9.eyJzdWIiOiJNYW5pa2FuZGFuIiwiZXhwIjoxNjM0ODkzODcwLCJpYXQiOjE2MzQ4ODY2NzB9.YHfj29Ws657YQkkIXblzMmbTt2E6uSbAcdTiFhdtea2A_e_8HWi96nT2h-S86iUBApt9uqwnDInlO5898YMsBQ
				Content-Type=application/json; charset=UTF-8
Cookies:		<none>
Multiparts:		<none>
Body:			<none>
HTTP/1.1 200 
Server: Cowboy
Connection: keep-alive
X-Content-Type-Options: nosniff
X-Xss-Protection: 1; mode=block
Cache-Control: no-cache, no-store, max-age=0, must-revalidate
Pragma: no-cache
Expires: 0
Strict-Transport-Security: max-age=31536000 ; includeSubDomains
X-Frame-Options: DENY
Content-Type: application/json
Transfer-Encoding: chunked
Date: Fri, 22 Oct 2021 07:11:22 GMT
Via: 1.1 vegur

{
    "jobId": 234,
    "jobTitle": "SDET Engineer",
    "jobDescription": "SDET",
    "experience": [
        "4 Years"
    ],
    "project": [
        {
            "projectName": "HCL",
            "technology": [
                "java"
            ]
        }
    ]
}
