2021-10-24 21:45:39,888 520  [main] INFO  com.demo.baseutil.BaseTest - Running locally JavaMail
2021-10-24 21:45:40,260 892  [main] INFO  com.demo.baseutil.BaseTest - Folder creation for Extent
2021-10-24 21:45:40,263 895  [main] INFO  com.demo.baseutil.BaseTest - ExtentDir:-C:\Users\Dell\Downloads\DemoMavenProjectNew\DemoMavenProjectNew/reports/Automation Report- 10_24_2021_21_45_40
2021-10-24 21:45:40,409 1041 [main] INFO  com.demo.baseutil.BaseTest - Report Initiated
2021-10-24 21:45:46,405 7037 [main] INFO  com.demo.JobPortal.TC1_UserSignUp - Manikandan register successfully
2021-10-24 21:45:49,017 9649 [main] INFO  com.demo.JobPortal.TC2_GetToken - eyJhbGciOiJIUzUxMiJ9.eyJzdWIiOiJNYW5pa2FuZGFuIiwiZXhwIjoxNjM1MDk5MzUyLCJpYXQiOjE2MzUwOTIxNTJ9.cQVP-a1QQ7V1UATqs46W7uaLFZQogTaUwsIZ2LGsSqwd3p36DGgMlOwOfPDgboes-4C-BOwtL5TvLjGot4FGVw written in token.json file
2021-10-24 21:45:49,018 9650 [main] INFO  com.demo.JobPortal.TC2_GetToken - {
    "token": "eyJhbGciOiJIUzUxMiJ9.eyJzdWIiOiJNYW5pa2FuZGFuIiwiZXhwIjoxNjM1MDk5MzUyLCJpYXQiOjE2MzUwOTIxNTJ9.cQVP-a1QQ7V1UATqs46W7uaLFZQogTaUwsIZ2LGsSqwd3p36DGgMlOwOfPDgboes-4C-BOwtL5TvLjGot4FGVw"
}
2021-10-24 21:45:50,623 11255 [main] INFO  com.demo.JobPortal.TC3_CreateProject - {
    "jobId": 234,
    "jobTitle": "SDET Engineer",
    "jobDescription": "SDET Role",
    "experience": [
        "2 Years"
    ],
    "project": [
        {
            "projectName": "HCL",
            "technology": [
                "java"
            ]
        }
    ]
}
2021-10-24 21:45:52,764 13396 [main] INFO  com.demo.JobPortal.TC4_GetAllProjects - [
    {
        "jobId": 1,
        "jobTitle": "Software Engg",
        "jobDescription": "To develop andriod application",
        "experience": [
            "Google",
            "Apple",
            "Mobile Iron"
        ],
        "project": [
            {
                "projectName": "Movie App",
                "technology": [
                    "Kotlin",
                    "SQL Lite",
                    "Gradle"
                ]
            }
        ]
    },
    {
        "jobId": 234,
        "jobTitle": "SDET Engineer",
        "jobDescription": "SDET",
        "experience": [
            "4 Years"
        ],
        "project": [
            {
                "projectName": "HCL",
                "technology": [
                    "java"
                ]
            }
        ]
    },
    {
        "jobId": 234,
        "jobTitle": "SDET Engineer",
        "jobDescription": "SDET Role",
        "experience": [
            "2 Years"
        ],
        "project": [
            {
                "projectName": "HCL",
                "technology": [
                    "java"
                ]
            }
        ]
    }
]
2021-10-24 21:45:54,462 15094 [main] INFO  com.demo.JobPortal.TC5_FindProject - {
    "jobId": 234,
    "jobTitle": "SDET Engineer",
    "jobDescription": "SDET",
    "experience": [
        "4 Years"
    ],
    "project": [
        {
            "projectName": "HCL",
            "technology": [
                "java"
            ]
        }
    ]
}
2021-10-24 21:45:55,953 16585 [main] INFO  com.demo.JobPortal.TC6_UpdateProject - {
    "jobId": 234,
    "jobTitle": "SDET Engineer",
    "jobDescription": "SDET",
    "experience": [
        "4 Years"
    ],
    "project": [
        {
            "projectName": "HCL",
            "technology": [
                "java"
            ]
        }
    ]
}
2021-10-24 21:45:56,047 16679 [main] ERROR com.demo.JobPortal.TC7_UpdateUsingPatch - Unable to Send the Update Request
