2021-10-25 21:51:50,798 345  [main] INFO  com.demo.baseutil.BaseTest - Running locally JavaMail
2021-10-25 21:51:51,107 654  [main] INFO  com.demo.baseutil.BaseTest - Folder creation for Extent
2021-10-25 21:51:51,110 657  [main] INFO  com.demo.baseutil.BaseTest - ExtentDir:-C:\Users\Dell\Downloads\DemoMavenProjectNew\DemoMavenProjectNew/reports/Automation Report- 10_25_2021_21_51_51
2021-10-25 21:51:51,251 798  [main] INFO  com.demo.baseutil.BaseTest - Report Initiated
2021-10-25 21:51:58,231 7778 [main] INFO  com.demo.Trello.TC1_CreateBoard - 6176d9a80b522a365a68a4e8 written in token.json file
2021-10-25 21:51:58,257 7804 [main] INFO  com.demo.Trello.TC1_CreateBoard - {
    "id": "6176d9a80b522a365a68a4e8",
    "name": "TestyantraAutomation",
    "desc": "",
    "descData": null,
    "closed": false,
    "idOrganization": "60c21b03202c167a2083ea7e",
    "idEnterprise": null,
    "pinned": false,
    "url": "https://trello.com/b/UPD35tub/testyantraautomation",
    "shortUrl": "https://trello.com/b/UPD35tub",
    "prefs": {
        "permissionLevel": "private",
        "hideVotes": false,
        "voting": "disabled",
        "comments": "members",
        "invitations": "members",
        "selfJoin": true,
        "cardCovers": true,
        "isTemplate": false,
        "cardAging": "regular",
        "calendarFeedEnabled": false,
        "background": "blue",
        "backgroundImage": null,
        "backgroundImageScaled": null,
        "backgroundTile": false,
        "backgroundBrightness": "dark",
        "backgroundColor": "#0079BF",
        "backgroundBottomColor": "#0079BF",
        "backgroundTopColor": "#0079BF",
        "canBePublic": true,
        "canBeEnterprise": true,
        "canBeOrg": true,
        "canBePrivate": true,
        "canInvite": true
    },
    "labelNames": {
        "green": "",
        "yellow": "",
        "orange": "",
        "red": "",
        "purple": "",
        "blue": "",
        "sky": "",
        "lime": "",
        "pink": "",
        "black": ""
    },
    "limits": {
        
    }
}
2021-10-25 21:52:04,240 13787 [main] INFO  com.demo.Trello.TC2_CreateList - 6176d9b07c2f2f8900f9958b written in token.json file
2021-10-25 21:52:04,243 13790 [main] INFO  com.demo.Trello.TC2_CreateList - {
    "id": "6176d9b07c2f2f8900f9958b",
    "name": "TestyantraAutomation",
    "closed": false,
    "pos": 8192,
    "idBoard": "6176d9a80b522a365a68a4e8",
    "limits": {
        
    }
}
2021-10-25 21:52:10,295 19842 [main] INFO  com.demo.Trello.TC3_CreateCard - 6176d9b63db9ce36ac2231b5 written in token.json file
2021-10-25 21:52:10,299 19846 [main] INFO  com.demo.Trello.TC3_CreateCard - {
    "id": "6176d9b63db9ce36ac2231b5",
    "checkItemStates": [
        
    ],
    "closed": false,
    "dateLastActivity": "2021-10-25T16:22:14.170Z",
    "desc": "",
    "descData": {
        "emoji": {
            
        }
    },
    "dueReminder": null,
    "idBoard": "6176d9a80b522a365a68a4e8",
    "idList": "6176d9b07c2f2f8900f9958b",
    "idMembersVoted": [
        
    ],
    "idShort": 1,
    "idAttachmentCover": null,
    "idLabels": [
        
    ],
    "manualCoverAttachment": false,
    "name": "TestyantraAutomation",
    "pos": 16384,
    "shortLink": "gkvs5M3j",
    "isTemplate": false,
    "cardRole": null,
    "dueComplete": false,
    "due": null,
    "email": null,
    "labels": [
        
    ],
    "shortUrl": "https://trello.com/c/gkvs5M3j",
    "start": null,
    "url": "https://trello.com/c/gkvs5M3j/1-testyantraautomation",
    "cover": {
        "idAttachment": null,
        "color": null,
        "idUploadedBackground": null,
        "size": "normal",
        "brightness": "dark",
        "idPlugin": null
    },
    "idMembers": [
        
    ],
    "attachments": [
        
    ],
    "badges": {
        "attachmentsByType": {
            "trello": {
                "board": 0,
                "card": 0
            }
        },
        "location": false,
        "votes": 0,
        "viewingMemberVoted": false,
        "subscribed": false,
        "fogbugz": "",
        "checkItems": 0,
        "checkItemsChecked": 0,
        "checkItemsEarliestDue": null,
        "comments": 0,
        "attachments": 0,
        "description": false,
        "due": null,
        "dueComplete": false,
        "start": null
    },
    "subscribed": false,
    "idChecklists": [
        
    ],
    "stickers": [
        
    ],
    "limits": {
        
    }
}
2021-10-25 21:52:16,750 26297 [main] INFO  com.demo.Trello.TC4_GetCard - {
    "id": "6176d9b63db9ce36ac2231b5",
    "checkItemStates": [
        
    ],
    "closed": false,
    "dateLastActivity": "2021-10-25T16:22:14.170Z",
    "desc": "",
    "descData": {
        "emoji": {
            
        }
    },
    "dueReminder": null,
    "idBoard": "6176d9a80b522a365a68a4e8",
    "idList": "6176d9b07c2f2f8900f9958b",
    "idMembersVoted": [
        
    ],
    "idShort": 1,
    "idAttachmentCover": null,
    "idLabels": [
        
    ],
    "manualCoverAttachment": false,
    "name": "TestyantraAutomation",
    "pos": 16384,
    "shortLink": "gkvs5M3j",
    "isTemplate": false,
    "cardRole": null,
    "dueComplete": false,
    "due": null,
    "email": null,
    "labels": [
        
    ],
    "shortUrl": "https://trello.com/c/gkvs5M3j",
    "start": null,
    "url": "https://trello.com/c/gkvs5M3j/1-testyantraautomation",
    "idMembers": [
        
    ],
    "badges": {
        "attachmentsByType": {
            "trello": {
                "board": 0,
                "card": 0
            }
        },
        "location": false,
        "votes": 0,
        "viewingMemberVoted": false,
        "subscribed": false,
        "fogbugz": "",
        "checkItems": 0,
        "checkItemsChecked": 0,
        "checkItemsEarliestDue": null,
        "comments": 0,
        "attachments": 0,
        "description": false,
        "due": null,
        "dueComplete": false,
        "start": null
    },
    "subscribed": false,
    "idChecklists": [
        
    ],
    "cover": {
        "idAttachment": null,
        "color": null,
        "idUploadedBackground": null,
        "size": "normal",
        "brightness": "dark",
        "idPlugin": null
    }
}
2021-10-25 21:52:22,669 32216 [main] INFO  com.demo.Trello.TC5_UpdateCard - {
    "id": "6176d9b63db9ce36ac2231b5",
    "checkItemStates": [
        
    ],
    "closed": false,
    "dateLastActivity": "2021-10-25T16:22:26.602Z",
    "desc": "",
    "descData": {
        "emoji": {
            
        }
    },
    "dueReminder": null,
    "idBoard": "6176d9a80b522a365a68a4e8",
    "idList": "6176d9b07c2f2f8900f9958b",
    "idMembersVoted": [
        
    ],
    "idShort": 1,
    "idAttachmentCover": null,
    "idLabels": [
        
    ],
    "manualCoverAttachment": false,
    "name": "automationcard",
    "pos": 16384,
    "shortLink": "gkvs5M3j",
    "isTemplate": false,
    "cardRole": null,
    "dueComplete": false,
    "due": null,
    "email": null,
    "labels": [
        
    ],
    "shortUrl": "https://trello.com/c/gkvs5M3j",
    "start": null,
    "url": "https://trello.com/c/gkvs5M3j/1-automationcard",
    "cover": {
        "idAttachment": null,
        "color": null,
        "idUploadedBackground": null,
        "size": "normal",
        "brightness": "dark",
        "idPlugin": null
    },
    "idMembers": [
        
    ],
    "badges": {
        "attachmentsByType": {
            "trello": {
                "board": 0,
                "card": 0
            }
        },
        "location": false,
        "votes": 0,
        "viewingMemberVoted": false,
        "subscribed": false,
        "fogbugz": "",
        "checkItems": 0,
        "checkItemsChecked": 0,
        "checkItemsEarliestDue": null,
        "comments": 0,
        "attachments": 0,
        "description": false,
        "due": null,
        "dueComplete": false,
        "start": null
    },
    "subscribed": false,
    "idChecklists": [
        
    ]
}
2021-10-25 21:52:28,576 38123 [main] INFO  com.demo.Trello.TC6_DeleteCard - {
    "limits": {
        
    }
}
