2021-10-26 09:52:39,737 449  [main] INFO  com.demo.baseutil.BaseTest - Running locally JavaMail
2021-10-26 09:52:40,150 862  [main] INFO  com.demo.baseutil.BaseTest - Folder creation for Extent
2021-10-26 09:52:40,158 870  [main] INFO  com.demo.baseutil.BaseTest - ExtentDir:-C:\Users\Dell\Downloads\DemoMavenProjectNew\DemoMavenProjectNew/reports/Automation Report- 10_26_2021_09_52_40
2021-10-26 09:52:40,356 1068 [main] INFO  com.demo.baseutil.BaseTest - Report Initiated
2021-10-26 09:52:48,004 8716 [main] INFO  com.demo.Trello.TC1_CreateBoard - 6177829a9d12df5be3ffaff8 written in .json file
2021-10-26 09:52:48,048 8760 [main] INFO  com.demo.Trello.TC1_CreateBoard - {
    "id": "6177829a9d12df5be3ffaff8",
    "name": "TestyantraAutomation",
    "desc": "",
    "descData": null,
    "closed": false,
    "idOrganization": "60c21b03202c167a2083ea7e",
    "idEnterprise": null,
    "pinned": false,
    "url": "https://trello.com/b/vbfTegeu/testyantraautomation",
    "shortUrl": "https://trello.com/b/vbfTegeu",
    "prefs": {
        "permissionLevel": "private",
        "hideVotes": false,
        "voting": "disabled",
        "comments": "members",
        "invitations": "members",
        "selfJoin": true,
        "cardCovers": true,
        "isTemplate": false,
        "cardAging": "regular",
        "calendarFeedEnabled": false,
        "background": "blue",
        "backgroundImage": null,
        "backgroundImageScaled": null,
        "backgroundTile": false,
        "backgroundBrightness": "dark",
        "backgroundColor": "#0079BF",
        "backgroundBottomColor": "#0079BF",
        "backgroundTopColor": "#0079BF",
        "canBePublic": true,
        "canBeEnterprise": true,
        "canBeOrg": true,
        "canBePrivate": true,
        "canInvite": true
    },
    "labelNames": {
        "green": "",
        "yellow": "",
        "orange": "",
        "red": "",
        "purple": "",
        "blue": "",
        "sky": "",
        "lime": "",
        "pink": "",
        "black": ""
    },
    "limits": {
        
    }
}
2021-10-26 09:52:54,068 14780 [main] INFO  com.demo.Trello.TC2_CreateList - 617782a2900b1c07d4aa7d58 written in .json file
2021-10-26 09:52:54,072 14784 [main] INFO  com.demo.Trello.TC2_CreateList - {
    "id": "617782a2900b1c07d4aa7d58",
    "name": "TestyantraAutomation",
    "closed": false,
    "pos": 8192,
    "idBoard": "6177829a9d12df5be3ffaff8",
    "limits": {
        
    }
}
2021-10-26 09:53:00,086 20798 [main] INFO  com.demo.Trello.TC3_CreateCard - 617782a8a61a912cda3e5289 written in .json file
2021-10-26 09:53:00,093 20805 [main] INFO  com.demo.Trello.TC3_CreateCard - {
    "id": "617782a8a61a912cda3e5289",
    "checkItemStates": [
        
    ],
    "closed": false,
    "dateLastActivity": "2021-10-26T04:23:04.169Z",
    "desc": "",
    "descData": {
        "emoji": {
            
        }
    },
    "dueReminder": null,
    "idBoard": "6177829a9d12df5be3ffaff8",
    "idList": "617782a2900b1c07d4aa7d58",
    "idMembersVoted": [
        
    ],
    "idShort": 1,
    "idAttachmentCover": null,
    "idLabels": [
        
    ],
    "manualCoverAttachment": false,
    "name": "TestyantraAutomation",
    "pos": 16384,
    "shortLink": "Lx1Zm6Ll",
    "isTemplate": false,
    "cardRole": null,
    "dueComplete": false,
    "due": null,
    "email": null,
    "labels": [
        
    ],
    "shortUrl": "https://trello.com/c/Lx1Zm6Ll",
    "start": null,
    "url": "https://trello.com/c/Lx1Zm6Ll/1-testyantraautomation",
    "cover": {
        "idAttachment": null,
        "color": null,
        "idUploadedBackground": null,
        "size": "normal",
        "brightness": "dark",
        "idPlugin": null
    },
    "idMembers": [
        
    ],
    "attachments": [
        
    ],
    "badges": {
        "attachmentsByType": {
            "trello": {
                "board": 0,
                "card": 0
            }
        },
        "location": false,
        "votes": 0,
        "viewingMemberVoted": false,
        "subscribed": false,
        "fogbugz": "",
        "checkItems": 0,
        "checkItemsChecked": 0,
        "checkItemsEarliestDue": null,
        "comments": 0,
        "attachments": 0,
        "description": false,
        "due": null,
        "dueComplete": false,
        "start": null
    },
    "subscribed": false,
    "idChecklists": [
        
    ],
    "stickers": [
        
    ],
    "limits": {
        
    }
}
2021-10-26 09:53:05,962 26674 [main] INFO  com.demo.Trello.TC4_GetCard - {
    "id": "617782a8a61a912cda3e5289",
    "checkItemStates": [
        
    ],
    "closed": false,
    "dateLastActivity": "2021-10-26T04:23:04.169Z",
    "desc": "",
    "descData": {
        "emoji": {
            
        }
    },
    "dueReminder": null,
    "idBoard": "6177829a9d12df5be3ffaff8",
    "idList": "617782a2900b1c07d4aa7d58",
    "idMembersVoted": [
        
    ],
    "idShort": 1,
    "idAttachmentCover": null,
    "idLabels": [
        
    ],
    "manualCoverAttachment": false,
    "name": "TestyantraAutomation",
    "pos": 16384,
    "shortLink": "Lx1Zm6Ll",
    "isTemplate": false,
    "cardRole": null,
    "dueComplete": false,
    "due": null,
    "email": null,
    "labels": [
        
    ],
    "shortUrl": "https://trello.com/c/Lx1Zm6Ll",
    "start": null,
    "url": "https://trello.com/c/Lx1Zm6Ll/1-testyantraautomation",
    "idMembers": [
        
    ],
    "idChecklists": [
        
    ],
    "badges": {
        "attachmentsByType": {
            "trello": {
                "board": 0,
                "card": 0
            }
        },
        "location": false,
        "votes": 0,
        "viewingMemberVoted": false,
        "subscribed": false,
        "fogbugz": "",
        "checkItems": 0,
        "checkItemsChecked": 0,
        "checkItemsEarliestDue": null,
        "comments": 0,
        "attachments": 0,
        "description": false,
        "due": null,
        "dueComplete": false,
        "start": null
    },
    "subscribed": false,
    "cover": {
        "idAttachment": null,
        "color": null,
        "idUploadedBackground": null,
        "size": "normal",
        "brightness": "dark",
        "idPlugin": null
    }
}
2021-10-26 09:53:11,814 32526 [main] INFO  com.demo.Trello.TC5_UpdateCard - {
    "id": "617782a8a61a912cda3e5289",
    "checkItemStates": [
        
    ],
    "closed": false,
    "dateLastActivity": "2021-10-26T04:23:15.949Z",
    "desc": "",
    "descData": {
        "emoji": {
            
        }
    },
    "dueReminder": null,
    "idBoard": "6177829a9d12df5be3ffaff8",
    "idList": "617782a2900b1c07d4aa7d58",
    "idMembersVoted": [
        
    ],
    "idShort": 1,
    "idAttachmentCover": null,
    "idLabels": [
        
    ],
    "manualCoverAttachment": false,
    "name": "automationcard",
    "pos": 16384,
    "shortLink": "Lx1Zm6Ll",
    "isTemplate": false,
    "cardRole": null,
    "dueComplete": false,
    "due": null,
    "email": null,
    "labels": [
        
    ],
    "shortUrl": "https://trello.com/c/Lx1Zm6Ll",
    "start": null,
    "url": "https://trello.com/c/Lx1Zm6Ll/1-automationcard",
    "cover": {
        "idAttachment": null,
        "color": null,
        "idUploadedBackground": null,
        "size": "normal",
        "brightness": "dark",
        "idPlugin": null
    },
    "idMembers": [
        
    ],
    "badges": {
        "attachmentsByType": {
            "trello": {
                "board": 0,
                "card": 0
            }
        },
        "location": false,
        "votes": 0,
        "viewingMemberVoted": false,
        "subscribed": false,
        "fogbugz": "",
        "checkItems": 0,
        "checkItemsChecked": 0,
        "checkItemsEarliestDue": null,
        "comments": 0,
        "attachments": 0,
        "description": false,
        "due": null,
        "dueComplete": false,
        "start": null
    },
    "subscribed": false,
    "idChecklists": [
        
    ]
}
2021-10-26 09:53:17,680 38392 [main] INFO  com.demo.Trello.TC6_DeleteCard - {
    "limits": {
        
    }
}
