2021-10-26 10:07:48,423 415  [main] INFO  com.demo.baseutil.BaseTest - Running locally JavaMail
2021-10-26 10:07:48,791 783  [main] INFO  com.demo.baseutil.BaseTest - Folder creation for Extent
2021-10-26 10:07:48,795 787  [main] INFO  com.demo.baseutil.BaseTest - ExtentDir:-C:\Users\Dell\Downloads\DemoMavenProjectNew\DemoMavenProjectNew/reports/Automation Report- 10_26_2021_10_07_48
2021-10-26 10:07:48,973 965  [main] INFO  com.demo.baseutil.BaseTest - Report Initiated
2021-10-26 10:07:56,236 8228 [main] INFO  com.demo.Trello.TC1_CreateBoard - 6177862658aef57dfc6ac3fc written in .json file
2021-10-26 10:07:56,258 8250 [main] INFO  com.demo.Trello.TC1_CreateBoard - {
    "id": "6177862658aef57dfc6ac3fc",
    "name": "TestyantraAutomation",
    "desc": "",
    "descData": null,
    "closed": false,
    "idOrganization": "60c21b03202c167a2083ea7e",
    "idEnterprise": null,
    "pinned": false,
    "url": "https://trello.com/b/DjfUhEed/testyantraautomation",
    "shortUrl": "https://trello.com/b/DjfUhEed",
    "prefs": {
        "permissionLevel": "private",
        "hideVotes": false,
        "voting": "disabled",
        "comments": "members",
        "invitations": "members",
        "selfJoin": true,
        "cardCovers": true,
        "isTemplate": false,
        "cardAging": "regular",
        "calendarFeedEnabled": false,
        "background": "blue",
        "backgroundImage": null,
        "backgroundImageScaled": null,
        "backgroundTile": false,
        "backgroundBrightness": "dark",
        "backgroundColor": "#0079BF",
        "backgroundBottomColor": "#0079BF",
        "backgroundTopColor": "#0079BF",
        "canBePublic": true,
        "canBeEnterprise": true,
        "canBeOrg": true,
        "canBePrivate": true,
        "canInvite": true
    },
    "labelNames": {
        "green": "",
        "yellow": "",
        "orange": "",
        "red": "",
        "purple": "",
        "blue": "",
        "sky": "",
        "lime": "",
        "pink": "",
        "black": ""
    },
    "limits": {
        
    }
}
2021-10-26 10:08:02,154 14146 [main] INFO  com.demo.Trello.TC2_CreateList - 6177862eafa41e7b4eed2bd1 written in .json file
2021-10-26 10:08:02,159 14151 [main] INFO  com.demo.Trello.TC2_CreateList - {
    "id": "6177862eafa41e7b4eed2bd1",
    "name": "TestyantraAutomation",
    "closed": false,
    "pos": 8192,
    "idBoard": "6177862658aef57dfc6ac3fc",
    "limits": {
        
    }
}
2021-10-26 10:08:08,068 20060 [main] INFO  com.demo.Trello.TC3_CreateCard - 61778634482b72313490580d written in .json file
2021-10-26 10:08:08,073 20065 [main] INFO  com.demo.Trello.TC3_CreateCard - {
    "id": "61778634482b72313490580d",
    "checkItemStates": [
        
    ],
    "closed": false,
    "dateLastActivity": "2021-10-26T04:38:12.156Z",
    "desc": "",
    "descData": {
        "emoji": {
            
        }
    },
    "dueReminder": null,
    "idBoard": "6177862658aef57dfc6ac3fc",
    "idList": "6177862eafa41e7b4eed2bd1",
    "idMembersVoted": [
        
    ],
    "idShort": 1,
    "idAttachmentCover": null,
    "idLabels": [
        
    ],
    "manualCoverAttachment": false,
    "name": "TestyantraAutomation",
    "pos": 16384,
    "shortLink": "pcNxzDCM",
    "isTemplate": false,
    "cardRole": null,
    "dueComplete": false,
    "due": null,
    "email": null,
    "labels": [
        
    ],
    "shortUrl": "https://trello.com/c/pcNxzDCM",
    "start": null,
    "url": "https://trello.com/c/pcNxzDCM/1-testyantraautomation",
    "cover": {
        "idAttachment": null,
        "color": null,
        "idUploadedBackground": null,
        "size": "normal",
        "brightness": "dark",
        "idPlugin": null
    },
    "idMembers": [
        
    ],
    "attachments": [
        
    ],
    "badges": {
        "attachmentsByType": {
            "trello": {
                "board": 0,
                "card": 0
            }
        },
        "location": false,
        "votes": 0,
        "viewingMemberVoted": false,
        "subscribed": false,
        "fogbugz": "",
        "checkItems": 0,
        "checkItemsChecked": 0,
        "checkItemsEarliestDue": null,
        "comments": 0,
        "attachments": 0,
        "description": false,
        "due": null,
        "dueComplete": false,
        "start": null
    },
    "subscribed": false,
    "idChecklists": [
        
    ],
    "stickers": [
        
    ],
    "limits": {
        
    }
}
2021-10-26 10:08:13,943 25935 [main] INFO  com.demo.Trello.TC4_GetCard - {
    "id": "61778634482b72313490580d",
    "checkItemStates": [
        
    ],
    "closed": false,
    "dateLastActivity": "2021-10-26T04:38:12.156Z",
    "desc": "",
    "descData": {
        "emoji": {
            
        }
    },
    "dueReminder": null,
    "idBoard": "6177862658aef57dfc6ac3fc",
    "idList": "6177862eafa41e7b4eed2bd1",
    "idMembersVoted": [
        
    ],
    "idShort": 1,
    "idAttachmentCover": null,
    "idLabels": [
        
    ],
    "manualCoverAttachment": false,
    "name": "TestyantraAutomation",
    "pos": 16384,
    "shortLink": "pcNxzDCM",
    "isTemplate": false,
    "cardRole": null,
    "dueComplete": false,
    "due": null,
    "email": null,
    "labels": [
        
    ],
    "shortUrl": "https://trello.com/c/pcNxzDCM",
    "start": null,
    "url": "https://trello.com/c/pcNxzDCM/1-testyantraautomation",
    "idMembers": [
        
    ],
    "badges": {
        "attachmentsByType": {
            "trello": {
                "board": 0,
                "card": 0
            }
        },
        "location": false,
        "votes": 0,
        "viewingMemberVoted": false,
        "subscribed": false,
        "fogbugz": "",
        "checkItems": 0,
        "checkItemsChecked": 0,
        "checkItemsEarliestDue": null,
        "comments": 0,
        "attachments": 0,
        "description": false,
        "due": null,
        "dueComplete": false,
        "start": null
    },
    "subscribed": false,
    "idChecklists": [
        
    ],
    "cover": {
        "idAttachment": null,
        "color": null,
        "idUploadedBackground": null,
        "size": "normal",
        "brightness": "dark",
        "idPlugin": null
    }
}
2021-10-26 10:08:19,843 31835 [main] INFO  com.demo.Trello.TC5_UpdateCard - {
    "id": "61778634482b72313490580d",
    "checkItemStates": [
        
    ],
    "closed": false,
    "dateLastActivity": "2021-10-26T04:38:23.954Z",
    "desc": "",
    "descData": {
        "emoji": {
            
        }
    },
    "dueReminder": null,
    "idBoard": "6177862658aef57dfc6ac3fc",
    "idList": "6177862eafa41e7b4eed2bd1",
    "idMembersVoted": [
        
    ],
    "idShort": 1,
    "idAttachmentCover": null,
    "idLabels": [
        
    ],
    "manualCoverAttachment": false,
    "name": "automationcard",
    "pos": 16384,
    "shortLink": "pcNxzDCM",
    "isTemplate": false,
    "cardRole": null,
    "dueComplete": false,
    "due": null,
    "email": null,
    "labels": [
        
    ],
    "shortUrl": "https://trello.com/c/pcNxzDCM",
    "start": null,
    "url": "https://trello.com/c/pcNxzDCM/1-automationcard",
    "cover": {
        "idAttachment": null,
        "color": null,
        "idUploadedBackground": null,
        "size": "normal",
        "brightness": "dark",
        "idPlugin": null
    },
    "idMembers": [
        
    ],
    "badges": {
        "attachmentsByType": {
            "trello": {
                "board": 0,
                "card": 0
            }
        },
        "location": false,
        "votes": 0,
        "viewingMemberVoted": false,
        "subscribed": false,
        "fogbugz": "",
        "checkItems": 0,
        "checkItemsChecked": 0,
        "checkItemsEarliestDue": null,
        "comments": 0,
        "attachments": 0,
        "description": false,
        "due": null,
        "dueComplete": false,
        "start": null
    },
    "subscribed": false,
    "idChecklists": [
        
    ]
}
2021-10-26 10:08:25,737 37729 [main] INFO  com.demo.Trello.TC6_DeleteCard - {
    "limits": {
        
    }
}
