2021-10-25 17:53:41,276 351  [main] INFO  com.demo.baseutil.BaseTest - Running locally JavaMail
2021-10-25 17:53:41,744 819  [main] INFO  com.demo.baseutil.BaseTest - Folder creation for Extent
2021-10-25 17:53:41,759 834  [main] INFO  com.demo.baseutil.BaseTest - ExtentDir:-C:\Users\Dell\Downloads\DemoMavenProjectNew\DemoMavenProjectNew/reports/Automation Report- 10_25_2021_17_53_41
2021-10-25 17:53:41,989 1064 [main] INFO  com.demo.baseutil.BaseTest - Report Initiated
2021-10-25 17:53:49,666 8741 [main] INFO  com.demo.Trello.TC1_CreateBoard - 6176a1d8eeedc83d1bcf2d32 written in token.json file
2021-10-25 17:53:49,701 8776 [main] INFO  com.demo.Trello.TC1_CreateBoard - {
    "id": "6176a1d8eeedc83d1bcf2d32",
    "name": "testyantraAutomation",
    "desc": "",
    "descData": null,
    "closed": false,
    "idOrganization": "60c21b03202c167a2083ea7e",
    "idEnterprise": null,
    "pinned": false,
    "url": "https://trello.com/b/UFLdh4Nw/testyantraautomation",
    "shortUrl": "https://trello.com/b/UFLdh4Nw",
    "prefs": {
        "permissionLevel": "private",
        "hideVotes": false,
        "voting": "disabled",
        "comments": "members",
        "invitations": "members",
        "selfJoin": true,
        "cardCovers": true,
        "isTemplate": false,
        "cardAging": "regular",
        "calendarFeedEnabled": false,
        "background": "blue",
        "backgroundImage": null,
        "backgroundImageScaled": null,
        "backgroundTile": false,
        "backgroundBrightness": "dark",
        "backgroundColor": "#0079BF",
        "backgroundBottomColor": "#0079BF",
        "backgroundTopColor": "#0079BF",
        "canBePublic": true,
        "canBeEnterprise": true,
        "canBeOrg": true,
        "canBePrivate": true,
        "canInvite": true
    },
    "labelNames": {
        "green": "",
        "yellow": "",
        "orange": "",
        "red": "",
        "purple": "",
        "blue": "",
        "sky": "",
        "lime": "",
        "pink": "",
        "black": ""
    },
    "limits": {
        
    }
}
2021-10-25 17:53:50,705 9780 [main] INFO  com.demo.Trello.TC2_CreateList - 6176a1dbf17f5a815c9ff317 written in token.json file
2021-10-25 17:53:50,707 9782 [main] INFO  com.demo.Trello.TC2_CreateList - {
    "id": "6176a1dbf17f5a815c9ff317",
    "name": "automation",
    "closed": false,
    "pos": 8192,
    "idBoard": "6176a1d8eeedc83d1bcf2d32",
    "limits": {
        
    }
}
2021-10-25 17:53:51,815 10890 [main] INFO  com.demo.Trello.TC3_CreateCard - 6176a1dcb9f9f38b969b2f48 written in token.json file
2021-10-25 17:53:51,816 10891 [main] INFO  com.demo.Trello.TC3_CreateCard - Card Created Successfully
2021-10-25 17:53:51,820 10895 [main] INFO  com.demo.Trello.TC3_CreateCard - {
    "id": "6176a1dcb9f9f38b969b2f48",
    "checkItemStates": [
        
    ],
    "closed": false,
    "dateLastActivity": "2021-10-25T12:23:56.279Z",
    "desc": "",
    "descData": {
        "emoji": {
            
        }
    },
    "dueReminder": null,
    "idBoard": "6176a1d8eeedc83d1bcf2d32",
    "idList": "6176a1dbf17f5a815c9ff317",
    "idMembersVoted": [
        
    ],
    "idShort": 1,
    "idAttachmentCover": null,
    "idLabels": [
        
    ],
    "manualCoverAttachment": false,
    "name": "automationcard",
    "pos": 16384,
    "shortLink": "OV1gxDVx",
    "isTemplate": false,
    "cardRole": null,
    "dueComplete": false,
    "due": null,
    "email": null,
    "labels": [
        
    ],
    "shortUrl": "https://trello.com/c/OV1gxDVx",
    "start": null,
    "url": "https://trello.com/c/OV1gxDVx/1-automationcard",
    "cover": {
        "idAttachment": null,
        "color": null,
        "idUploadedBackground": null,
        "size": "normal",
        "brightness": "dark",
        "idPlugin": null
    },
    "idMembers": [
        
    ],
    "attachments": [
        
    ],
    "idChecklists": [
        
    ],
    "badges": {
        "attachmentsByType": {
            "trello": {
                "board": 0,
                "card": 0
            }
        },
        "location": false,
        "votes": 0,
        "viewingMemberVoted": false,
        "subscribed": false,
        "fogbugz": "",
        "checkItems": 0,
        "checkItemsChecked": 0,
        "checkItemsEarliestDue": null,
        "comments": 0,
        "attachments": 0,
        "description": false,
        "due": null,
        "dueComplete": false,
        "start": null
    },
    "subscribed": false,
    "stickers": [
        
    ],
    "limits": {
        
    }
}
2021-10-25 17:53:52,831 11906 [main] INFO  com.demo.Trello.TC4_GetCard - Card fetched Successfully
2021-10-25 17:53:52,835 11910 [main] INFO  com.demo.Trello.TC4_GetCard - {
    "id": "6176a1dcb9f9f38b969b2f48",
    "checkItemStates": [
        
    ],
    "closed": false,
    "dateLastActivity": "2021-10-25T12:23:56.279Z",
    "desc": "",
    "descData": {
        "emoji": {
            
        }
    },
    "dueReminder": null,
    "idBoard": "6176a1d8eeedc83d1bcf2d32",
    "idList": "6176a1dbf17f5a815c9ff317",
    "idMembersVoted": [
        
    ],
    "idShort": 1,
    "idAttachmentCover": null,
    "idLabels": [
        
    ],
    "manualCoverAttachment": false,
    "name": "automationcard",
    "pos": 16384,
    "shortLink": "OV1gxDVx",
    "isTemplate": false,
    "cardRole": null,
    "dueComplete": false,
    "due": null,
    "email": null,
    "labels": [
        
    ],
    "shortUrl": "https://trello.com/c/OV1gxDVx",
    "start": null,
    "url": "https://trello.com/c/OV1gxDVx/1-automationcard",
    "idMembers": [
        
    ],
    "badges": {
        "attachmentsByType": {
            "trello": {
                "board": 0,
                "card": 0
            }
        },
        "location": false,
        "votes": 0,
        "viewingMemberVoted": false,
        "subscribed": false,
        "fogbugz": "",
        "checkItems": 0,
        "checkItemsChecked": 0,
        "checkItemsEarliestDue": null,
        "comments": 0,
        "attachments": 0,
        "description": false,
        "due": null,
        "dueComplete": false,
        "start": null
    },
    "subscribed": false,
    "idChecklists": [
        
    ],
    "cover": {
        "idAttachment": null,
        "color": null,
        "idUploadedBackground": null,
        "size": "normal",
        "brightness": "dark",
        "idPlugin": null
    }
}
2021-10-25 17:53:53,854 12929 [main] INFO  com.demo.Trello.TC5_UpdateCard - Card Updated Successfully using PUT Request
2021-10-25 17:53:53,857 12932 [main] INFO  com.demo.Trello.TC5_UpdateCard - {
    "id": "6176a1dcb9f9f38b969b2f48",
    "checkItemStates": [
        
    ],
    "closed": false,
    "dateLastActivity": "2021-10-25T12:23:56.279Z",
    "desc": "",
    "descData": {
        "emoji": {
            
        }
    },
    "dueReminder": null,
    "idBoard": "6176a1d8eeedc83d1bcf2d32",
    "idList": "6176a1dbf17f5a815c9ff317",
    "idMembersVoted": [
        
    ],
    "idShort": 1,
    "idAttachmentCover": null,
    "idLabels": [
        
    ],
    "manualCoverAttachment": false,
    "name": "automationcard",
    "pos": 16384,
    "shortLink": "OV1gxDVx",
    "isTemplate": false,
    "cardRole": null,
    "dueComplete": false,
    "due": null,
    "email": null,
    "labels": [
        
    ],
    "shortUrl": "https://trello.com/c/OV1gxDVx",
    "start": null,
    "url": "https://trello.com/c/OV1gxDVx/1-automationcard",
    "cover": {
        "idAttachment": null,
        "color": null,
        "idUploadedBackground": null,
        "size": "normal",
        "brightness": "dark",
        "idPlugin": null
    },
    "idMembers": [
        
    ],
    "badges": {
        "attachmentsByType": {
            "trello": {
                "board": 0,
                "card": 0
            }
        },
        "location": false,
        "votes": 0,
        "viewingMemberVoted": false,
        "subscribed": false,
        "fogbugz": "",
        "checkItems": 0,
        "checkItemsChecked": 0,
        "checkItemsEarliestDue": null,
        "comments": 0,
        "attachments": 0,
        "description": false,
        "due": null,
        "dueComplete": false,
        "start": null
    },
    "subscribed": false,
    "idChecklists": [
        
    ]
}
2021-10-25 17:53:54,641 13716 [main] INFO  com.demo.Trello.TC6_DeleteCard - Card Deleted Successfully
2021-10-25 17:53:54,643 13718 [main] INFO  com.demo.Trello.TC6_DeleteCard - invalid key
