2021-10-25 21:22:32,873 307  [main] INFO  com.demo.baseutil.BaseTest - Running locally JavaMail
2021-10-25 21:22:33,182 616  [main] INFO  com.demo.baseutil.BaseTest - Folder creation for Extent
2021-10-25 21:22:33,185 619  [main] INFO  com.demo.baseutil.BaseTest - ExtentDir:-C:\Users\Dell\Downloads\DemoMavenProjectNew\DemoMavenProjectNew/reports/Automation Report- 10_25_2021_21_22_33
2021-10-25 21:22:33,332 766  [main] INFO  com.demo.baseutil.BaseTest - Report Initiated
2021-10-25 21:22:39,193 6627 [main] INFO  com.demo.Trello.TC1_CreateBoard - 6176d2c9f9f05f7b602cd459 written in token.json file
2021-10-25 21:22:41,034 8468 [main] INFO  com.demo.Trello.TC2_CreateList - 6176d2cc875774510b1a7494 written in token.json file
2021-10-25 21:22:41,037 8471 [main] INFO  com.demo.Trello.TC2_CreateList - {
    "id": "6176d2cc875774510b1a7494",
    "name": "TestyantraAutomation",
    "closed": false,
    "pos": 8192,
    "idBoard": "6176d2c9f9f05f7b602cd459",
    "limits": {
        
    }
}
2021-10-25 21:22:42,042 9476 [main] INFO  com.demo.Trello.TC3_CreateCard - 6176d2cdb55d3b29b736f40d written in token.json file
2021-10-25 21:22:42,043 9477 [main] INFO  com.demo.Trello.TC3_CreateCard - Card Created Successfully
2021-10-25 21:22:42,046 9480 [main] INFO  com.demo.Trello.TC3_CreateCard - {
    "id": "6176d2cdb55d3b29b736f40d",
    "checkItemStates": [
        
    ],
    "closed": false,
    "dateLastActivity": "2021-10-25T15:52:45.875Z",
    "desc": "",
    "descData": {
        "emoji": {
            
        }
    },
    "dueReminder": null,
    "idBoard": "6176d2c9f9f05f7b602cd459",
    "idList": "6176d2cc875774510b1a7494",
    "idMembersVoted": [
        
    ],
    "idShort": 1,
    "idAttachmentCover": null,
    "idLabels": [
        
    ],
    "manualCoverAttachment": false,
    "name": "TestyantraAutomation",
    "pos": 16384,
    "shortLink": "QxFnQwGI",
    "isTemplate": false,
    "cardRole": null,
    "dueComplete": false,
    "due": null,
    "email": null,
    "labels": [
        
    ],
    "shortUrl": "https://trello.com/c/QxFnQwGI",
    "start": null,
    "url": "https://trello.com/c/QxFnQwGI/1-testyantraautomation",
    "cover": {
        "idAttachment": null,
        "color": null,
        "idUploadedBackground": null,
        "size": "normal",
        "brightness": "dark",
        "idPlugin": null
    },
    "idMembers": [
        
    ],
    "attachments": [
        
    ],
    "badges": {
        "attachmentsByType": {
            "trello": {
                "board": 0,
                "card": 0
            }
        },
        "location": false,
        "votes": 0,
        "viewingMemberVoted": false,
        "subscribed": false,
        "fogbugz": "",
        "checkItems": 0,
        "checkItemsChecked": 0,
        "checkItemsEarliestDue": null,
        "comments": 0,
        "attachments": 0,
        "description": false,
        "due": null,
        "dueComplete": false,
        "start": null
    },
    "subscribed": false,
    "idChecklists": [
        
    ],
    "stickers": [
        
    ],
    "limits": {
        
    }
}
2021-10-25 21:22:43,280 10714 [main] INFO  com.demo.Trello.TC4_GetCard - Card fetched Successfully
2021-10-25 21:22:43,286 10720 [main] INFO  com.demo.Trello.TC4_GetCard - {
    "id": "6176d2cdb55d3b29b736f40d",
    "checkItemStates": [
        
    ],
    "closed": false,
    "dateLastActivity": "2021-10-25T15:52:45.875Z",
    "desc": "",
    "descData": {
        "emoji": {
            
        }
    },
    "dueReminder": null,
    "idBoard": "6176d2c9f9f05f7b602cd459",
    "idList": "6176d2cc875774510b1a7494",
    "idMembersVoted": [
        
    ],
    "idShort": 1,
    "idAttachmentCover": null,
    "idLabels": [
        
    ],
    "manualCoverAttachment": false,
    "name": "TestyantraAutomation",
    "pos": 16384,
    "shortLink": "QxFnQwGI",
    "isTemplate": false,
    "cardRole": null,
    "dueComplete": false,
    "due": null,
    "email": null,
    "labels": [
        
    ],
    "shortUrl": "https://trello.com/c/QxFnQwGI",
    "start": null,
    "url": "https://trello.com/c/QxFnQwGI/1-testyantraautomation",
    "idMembers": [
        
    ],
    "badges": {
        "attachmentsByType": {
            "trello": {
                "board": 0,
                "card": 0
            }
        },
        "location": false,
        "votes": 0,
        "viewingMemberVoted": false,
        "subscribed": false,
        "fogbugz": "",
        "checkItems": 0,
        "checkItemsChecked": 0,
        "checkItemsEarliestDue": null,
        "comments": 0,
        "attachments": 0,
        "description": false,
        "due": null,
        "dueComplete": false,
        "start": null
    },
    "subscribed": false,
    "idChecklists": [
        
    ],
    "cover": {
        "idAttachment": null,
        "color": null,
        "idUploadedBackground": null,
        "size": "normal",
        "brightness": "dark",
        "idPlugin": null
    }
}
2021-10-25 21:22:44,212 11646 [main] INFO  com.demo.Trello.TC5_UpdateCard - Card Updated Successfully using PUT Request
2021-10-25 21:22:44,219 11653 [main] INFO  com.demo.Trello.TC5_UpdateCard - {
    "id": "6176d2cdb55d3b29b736f40d",
    "checkItemStates": [
        
    ],
    "closed": false,
    "dateLastActivity": "2021-10-25T15:52:48.118Z",
    "desc": "",
    "descData": {
        "emoji": {
            
        }
    },
    "dueReminder": null,
    "idBoard": "6176d2c9f9f05f7b602cd459",
    "idList": "6176d2cc875774510b1a7494",
    "idMembersVoted": [
        
    ],
    "idShort": 1,
    "idAttachmentCover": null,
    "idLabels": [
        
    ],
    "manualCoverAttachment": false,
    "name": "automationcard",
    "pos": 16384,
    "shortLink": "QxFnQwGI",
    "isTemplate": false,
    "cardRole": null,
    "dueComplete": false,
    "due": null,
    "email": null,
    "labels": [
        
    ],
    "shortUrl": "https://trello.com/c/QxFnQwGI",
    "start": null,
    "url": "https://trello.com/c/QxFnQwGI/1-automationcard",
    "cover": {
        "idAttachment": null,
        "color": null,
        "idUploadedBackground": null,
        "size": "normal",
        "brightness": "dark",
        "idPlugin": null
    },
    "idMembers": [
        
    ],
    "badges": {
        "attachmentsByType": {
            "trello": {
                "board": 0,
                "card": 0
            }
        },
        "location": false,
        "votes": 0,
        "viewingMemberVoted": false,
        "subscribed": false,
        "fogbugz": "",
        "checkItems": 0,
        "checkItemsChecked": 0,
        "checkItemsEarliestDue": null,
        "comments": 0,
        "attachments": 0,
        "description": false,
        "due": null,
        "dueComplete": false,
        "start": null
    },
    "subscribed": false,
    "idChecklists": [
        
    ]
}
2021-10-25 21:22:44,997 12431 [main] INFO  com.demo.Trello.TC6_DeleteCard - Card Deleted Successfully
2021-10-25 21:22:44,999 12433 [main] INFO  com.demo.Trello.TC6_DeleteCard - invalid key
