2021-10-24 21:57:11,514 314  [main] INFO  com.demo.baseutil.BaseTest - Running locally JavaMail
2021-10-24 21:57:11,854 654  [main] INFO  com.demo.baseutil.BaseTest - Folder creation for Extent
2021-10-24 21:57:11,857 657  [main] INFO  com.demo.baseutil.BaseTest - ExtentDir:-C:\Users\Dell\Downloads\DemoMavenProjectNew\DemoMavenProjectNew/reports/Automation Report- 10_24_2021_21_57_11
2021-10-24 21:57:12,002 802  [main] INFO  com.demo.baseutil.BaseTest - Report Initiated
2021-10-24 21:57:17,650 6450 [main] INFO  com.demo.JobPortal.TC1_UserSignUp - Manikandan register successfully
2021-10-24 21:57:20,803 9603 [main] INFO  com.demo.JobPortal.TC2_GetToken - eyJhbGciOiJIUzUxMiJ9.eyJzdWIiOiJNYW5pa2FuZGFuIiwiZXhwIjoxNjM1MTAwMDQ0LCJpYXQiOjE2MzUwOTI4NDR9.yTyUog3vTzkIsoqbLvqhK5o4OfmCHARDNUrwlCRUtiduK6TB1D9_GXaXjds-e0QR-yd4DFXkmAGiPwaVO1B4uQ written in token.json file
2021-10-24 21:57:20,805 9605 [main] INFO  com.demo.JobPortal.TC2_GetToken - {
    "token": "eyJhbGciOiJIUzUxMiJ9.eyJzdWIiOiJNYW5pa2FuZGFuIiwiZXhwIjoxNjM1MTAwMDQ0LCJpYXQiOjE2MzUwOTI4NDR9.yTyUog3vTzkIsoqbLvqhK5o4OfmCHARDNUrwlCRUtiduK6TB1D9_GXaXjds-e0QR-yd4DFXkmAGiPwaVO1B4uQ"
}
2021-10-24 21:57:22,421 11221 [main] INFO  com.demo.JobPortal.TC3_CreateProject - {
    "jobId": 234,
    "jobTitle": "SDET Engineer",
    "jobDescription": "SDET Role",
    "experience": [
        "2 Years"
    ],
    "project": [
        {
            "projectName": "HCL",
            "technology": [
                "java"
            ]
        }
    ]
}
2021-10-24 21:57:24,048 12848 [main] INFO  com.demo.JobPortal.TC4_GetAllProjects - [
    {
        "jobId": 1,
        "jobTitle": "Software Engg",
        "jobDescription": "To develop andriod application",
        "experience": [
            "Google",
            "Apple",
            "Mobile Iron"
        ],
        "project": [
            {
                "projectName": "Movie App",
                "technology": [
                    "Kotlin",
                    "SQL Lite",
                    "Gradle"
                ]
            }
        ]
    },
    {
        "jobId": 234,
        "jobTitle": "SDET Engineer",
        "jobDescription": "SDET",
        "experience": [
            "4 Years"
        ],
        "project": [
            {
                "projectName": "HCL",
                "technology": [
                    "java"
                ]
            }
        ]
    },
    {
        "jobId": 234,
        "jobTitle": "SDET Engineer",
        "jobDescription": "SDET Role",
        "experience": [
            "2 Years"
        ],
        "project": [
            {
                "projectName": "HCL",
                "technology": [
                    "java"
                ]
            }
        ]
    }
]
2021-10-24 21:57:25,682 14482 [main] INFO  com.demo.JobPortal.TC5_FindProject - {
    "jobId": 234,
    "jobTitle": "SDET Engineer",
    "jobDescription": "SDET",
    "experience": [
        "4 Years"
    ],
    "project": [
        {
            "projectName": "HCL",
            "technology": [
                "java"
            ]
        }
    ]
}
2021-10-24 21:57:27,234 16034 [main] INFO  com.demo.JobPortal.TC6_UpdateProject - {
    "jobId": 234,
    "jobTitle": "SDET Engineer",
    "jobDescription": "SDET",
    "experience": [
        "4 Years"
    ],
    "project": [
        {
            "projectName": "HCL",
            "technology": [
                "java"
            ]
        }
    ]
}
2021-10-24 21:57:28,895 17695 [main] INFO  com.demo.JobPortal.TC7_UpdateUsingPatch - {
    "jobId": 234,
    "jobTitle": "SDET Engineer",
    "jobDescription": "SDET",
    "experience": [
        "4 Years"
    ],
    "project": [
        {
            "projectName": "HCL",
            "technology": [
                "java"
            ]
        }
    ]
}
