2021-10-26 12:52:05,302 387  [main] INFO  com.demo.baseutil.BaseTest - Running locally JavaMail
2021-10-26 12:52:05,677 762  [main] INFO  com.demo.baseutil.BaseTest - Folder creation for Extent
2021-10-26 12:52:05,679 764  [main] INFO  com.demo.baseutil.BaseTest - ExtentDir:-C:\Users\Dell\Downloads\DemoMavenProjectNew\DemoMavenProjectNew/reports/Automation Report- 10_26_2021_12_52_05
2021-10-26 12:52:05,863 948  [main] INFO  com.demo.baseutil.BaseTest - Report Initiated
2021-10-26 12:52:08,337 3422 [main] INFO  com.demo.Trello.TC1_CreateBoard - Header added to the request
2021-10-26 12:52:08,387 3472 [main] INFO  com.demo.Trello.TC1_CreateBoard - Query Parameter added to the Request
2021-10-26 12:52:12,948 8033 [main] INFO  com.demo.Trello.TC1_CreateBoard - 6177aca74079817c9fd78a7e written in .json file
2021-10-26 12:52:12,970 8055 [main] INFO  com.demo.Trello.TC1_CreateBoard - {
    "id": "6177aca74079817c9fd78a7e",
    "name": "Testyantra",
    "desc": "",
    "descData": null,
    "closed": false,
    "idOrganization": "60c21b03202c167a2083ea7e",
    "idEnterprise": null,
    "pinned": false,
    "url": "https://trello.com/b/7lWSzJtY/testyantra",
    "shortUrl": "https://trello.com/b/7lWSzJtY",
    "prefs": {
        "permissionLevel": "private",
        "hideVotes": false,
        "voting": "disabled",
        "comments": "members",
        "invitations": "members",
        "selfJoin": true,
        "cardCovers": true,
        "isTemplate": false,
        "cardAging": "regular",
        "calendarFeedEnabled": false,
        "background": "blue",
        "backgroundImage": null,
        "backgroundImageScaled": null,
        "backgroundTile": false,
        "backgroundBrightness": "dark",
        "backgroundColor": "#0079BF",
        "backgroundBottomColor": "#0079BF",
        "backgroundTopColor": "#0079BF",
        "canBePublic": true,
        "canBeEnterprise": true,
        "canBeOrg": true,
        "canBePrivate": true,
        "canInvite": true
    },
    "labelNames": {
        "green": "",
        "yellow": "",
        "orange": "",
        "red": "",
        "purple": "",
        "blue": "",
        "sky": "",
        "lime": "",
        "pink": "",
        "black": ""
    },
    "limits": {
        
    }
}
2021-10-26 12:52:13,193 8278 [main] INFO  com.demo.Trello.TC2_CreateList - Header added to the request
2021-10-26 12:52:13,196 8281 [main] INFO  com.demo.Trello.TC2_CreateList - Query Parameter added to the Request
2021-10-26 12:52:13,917 9002 [main] INFO  com.demo.Trello.TC2_CreateList - 6177acaa2591647c950cfc47 written in .json file
2021-10-26 12:52:13,920 9005 [main] INFO  com.demo.Trello.TC2_CreateList - {
    "id": "6177acaa2591647c950cfc47",
    "name": "MQASList",
    "closed": false,
    "pos": 8192,
    "idBoard": "6177aca74079817c9fd78a7e",
    "limits": {
        
    }
}
2021-10-26 12:52:14,036 9121 [main] INFO  com.demo.Trello.TC3_CreateCard - Header added to the request
2021-10-26 12:52:14,037 9122 [main] INFO  com.demo.Trello.TC3_CreateCard - Query Parameter added to the Request
2021-10-26 12:52:14,801 9886 [main] INFO  com.demo.Trello.TC3_CreateCard - 6177acaabaa6b7278eb2a492 written in .json file
2021-10-26 12:52:14,809 9894 [main] INFO  com.demo.Trello.TC3_CreateCard - {
    "id": "6177acaabaa6b7278eb2a492",
    "checkItemStates": [
        
    ],
    "closed": false,
    "dateLastActivity": "2021-10-26T07:22:18.842Z",
    "desc": "",
    "descData": {
        "emoji": {
            
        }
    },
    "dueReminder": null,
    "idBoard": "6177aca74079817c9fd78a7e",
    "idList": "6177acaa2591647c950cfc47",
    "idMembersVoted": [
        
    ],
    "idShort": 1,
    "idAttachmentCover": null,
    "idLabels": [
        
    ],
    "manualCoverAttachment": false,
    "name": "TrelloAutomation",
    "pos": 16384,
    "shortLink": "yTWYxyHc",
    "isTemplate": false,
    "cardRole": null,
    "dueComplete": false,
    "due": null,
    "email": null,
    "labels": [
        
    ],
    "shortUrl": "https://trello.com/c/yTWYxyHc",
    "start": null,
    "url": "https://trello.com/c/yTWYxyHc/1-trelloautomation",
    "cover": {
        "idAttachment": null,
        "color": null,
        "idUploadedBackground": null,
        "size": "normal",
        "brightness": "dark",
        "idPlugin": null
    },
    "idMembers": [
        
    ],
    "attachments": [
        
    ],
    "badges": {
        "attachmentsByType": {
            "trello": {
                "board": 0,
                "card": 0
            }
        },
        "location": false,
        "votes": 0,
        "viewingMemberVoted": false,
        "subscribed": false,
        "fogbugz": "",
        "checkItems": 0,
        "checkItemsChecked": 0,
        "checkItemsEarliestDue": null,
        "comments": 0,
        "attachments": 0,
        "description": false,
        "due": null,
        "dueComplete": false,
        "start": null
    },
    "subscribed": false,
    "idChecklists": [
        
    ],
    "stickers": [
        
    ],
    "limits": {
        
    }
}
2021-10-26 12:52:14,955 10040 [main] INFO  com.demo.Trello.TC4_GetCard - Header added to the request
2021-10-26 12:52:14,956 10041 [main] INFO  com.demo.Trello.TC4_GetCard - Query Parameter added to the Request
2021-10-26 12:52:15,646 10731 [main] INFO  com.demo.Trello.TC4_GetCard - {
    "id": "6177acaabaa6b7278eb2a492",
    "checkItemStates": [
        
    ],
    "closed": false,
    "dateLastActivity": "2021-10-26T07:22:18.842Z",
    "desc": "",
    "descData": {
        "emoji": {
            
        }
    },
    "dueReminder": null,
    "idBoard": "6177aca74079817c9fd78a7e",
    "idList": "6177acaa2591647c950cfc47",
    "idMembersVoted": [
        
    ],
    "idShort": 1,
    "idAttachmentCover": null,
    "idLabels": [
        
    ],
    "manualCoverAttachment": false,
    "name": "TrelloAutomation",
    "pos": 16384,
    "shortLink": "yTWYxyHc",
    "isTemplate": false,
    "cardRole": null,
    "dueComplete": false,
    "due": null,
    "email": null,
    "labels": [
        
    ],
    "shortUrl": "https://trello.com/c/yTWYxyHc",
    "start": null,
    "url": "https://trello.com/c/yTWYxyHc/1-trelloautomation",
    "idMembers": [
        
    ],
    "badges": {
        "attachmentsByType": {
            "trello": {
                "board": 0,
                "card": 0
            }
        },
        "location": false,
        "votes": 0,
        "viewingMemberVoted": false,
        "subscribed": false,
        "fogbugz": "",
        "checkItems": 0,
        "checkItemsChecked": 0,
        "checkItemsEarliestDue": null,
        "comments": 0,
        "attachments": 0,
        "description": false,
        "due": null,
        "dueComplete": false,
        "start": null
    },
    "subscribed": false,
    "idChecklists": [
        
    ],
    "cover": {
        "idAttachment": null,
        "color": null,
        "idUploadedBackground": null,
        "size": "normal",
        "brightness": "dark",
        "idPlugin": null
    }
}
2021-10-26 12:52:20,826 15911 [main] INFO  com.demo.Trello.TC5_UpdateCard - Header added to the request
2021-10-26 12:52:20,827 15912 [main] INFO  com.demo.Trello.TC5_UpdateCard - Query Parameter added to the Request
2021-10-26 12:52:21,466 16551 [main] INFO  com.demo.Trello.TC5_UpdateCard - {
    "id": "6177acaabaa6b7278eb2a492",
    "checkItemStates": [
        
    ],
    "closed": false,
    "dateLastActivity": "2021-10-26T07:22:25.573Z",
    "desc": "",
    "descData": {
        "emoji": {
            
        }
    },
    "dueReminder": null,
    "idBoard": "6177aca74079817c9fd78a7e",
    "idList": "6177acaa2591647c950cfc47",
    "idMembersVoted": [
        
    ],
    "idShort": 1,
    "idAttachmentCover": null,
    "idLabels": [
        
    ],
    "manualCoverAttachment": false,
    "name": "MQASList",
    "pos": 16384,
    "shortLink": "yTWYxyHc",
    "isTemplate": false,
    "cardRole": null,
    "dueComplete": false,
    "due": null,
    "email": null,
    "labels": [
        
    ],
    "shortUrl": "https://trello.com/c/yTWYxyHc",
    "start": null,
    "url": "https://trello.com/c/yTWYxyHc/1-mqaslist",
    "cover": {
        "idAttachment": null,
        "color": null,
        "idUploadedBackground": null,
        "size": "normal",
        "brightness": "dark",
        "idPlugin": null
    },
    "idMembers": [
        
    ],
    "badges": {
        "attachmentsByType": {
            "trello": {
                "board": 0,
                "card": 0
            }
        },
        "location": false,
        "votes": 0,
        "viewingMemberVoted": false,
        "subscribed": false,
        "fogbugz": "",
        "checkItems": 0,
        "checkItemsChecked": 0,
        "checkItemsEarliestDue": null,
        "comments": 0,
        "attachments": 0,
        "description": false,
        "due": null,
        "dueComplete": false,
        "start": null
    },
    "subscribed": false,
    "idChecklists": [
        
    ]
}
2021-10-26 12:52:26,595 21680 [main] INFO  com.demo.Trello.TC6_DeleteCard - Header added to the request
2021-10-26 12:52:26,596 21681 [main] INFO  com.demo.Trello.TC6_DeleteCard - Query Parameter added to the Request
2021-10-26 12:52:27,291 22376 [main] INFO  com.demo.Trello.TC6_DeleteCard - {
    "limits": {
        
    }
}
