2021-10-26 16:38:46,882 411  [main] INFO  com.demo.baseutil.BaseTest - Running locally JavaMail
2021-10-26 16:38:47,239 768  [main] INFO  com.demo.baseutil.BaseTest - Folder creation for Extent
2021-10-26 16:38:47,242 771  [main] INFO  com.demo.baseutil.BaseTest - ExtentDir:-C:\Users\Dell\Downloads\DemoMavenProjectNew\DemoMavenProjectNew/reports/Automation Report- 10_26_2021_16_38_47
2021-10-26 16:38:47,416 945  [main] INFO  com.demo.baseutil.BaseTest - Report Initiated
2021-10-26 16:38:50,164 3693 [main] INFO  com.demo.Trello.TC1_CreateBoard - Header added to the request
2021-10-26 16:38:50,197 3726 [main] INFO  com.demo.Trello.TC1_CreateBoard - Query Parameter added to the Request
2021-10-26 16:38:54,587 8116 [main] INFO  com.demo.Trello.TC1_CreateBoard - 6177e1c9a5052415c3ba12ae written in .json file
2021-10-26 16:38:54,596 8125 [main] INFO  com.demo.Trello.TC1_CreateBoard - Header added to the request
2021-10-26 16:38:54,598 8127 [main] INFO  com.demo.Trello.TC1_CreateBoard - Query Parameter added to the Request
2021-10-26 16:38:55,467 8996 [main] INFO  com.demo.Trello.TC1_CreateBoard - 6177e1cbeb50e370f45fa17e written in .json file
2021-10-26 16:38:55,469 8998 [main] INFO  com.demo.Trello.TC1_CreateBoard - Header added to the request
2021-10-26 16:38:55,471 9000 [main] INFO  com.demo.Trello.TC1_CreateBoard - Query Parameter added to the Request
2021-10-26 16:38:56,282 9811 [main] INFO  com.demo.Trello.TC1_CreateBoard - 6177e1ccaff5f73901ce3b5c written in .json file
2021-10-26 16:38:56,284 9813 [main] INFO  com.demo.Trello.TC1_CreateBoard - Header added to the request
2021-10-26 16:38:56,286 9815 [main] INFO  com.demo.Trello.TC1_CreateBoard - Query Parameter added to the Request
2021-10-26 16:38:56,974 10503 [main] INFO  com.demo.Trello.TC1_CreateBoard - Header added to the request
2021-10-26 16:38:56,976 10505 [main] INFO  com.demo.Trello.TC1_CreateBoard - Query Parameter added to the Request
2021-10-26 16:38:57,640 11169 [main] INFO  com.demo.Trello.TC1_CreateBoard - Header added to the request
2021-10-26 16:38:57,641 11170 [main] INFO  com.demo.Trello.TC1_CreateBoard - Query Parameter added to the Request
2021-10-26 16:38:58,845 12374 [main] INFO  com.demo.Trello.TC2_CreateList - Header added to the request
2021-10-26 16:38:58,849 12378 [main] INFO  com.demo.Trello.TC2_CreateList - Query Parameter added to the Request
2021-10-26 16:38:59,549 13078 [main] INFO  com.demo.Trello.TC2_CreateList - 6177e1cf666714136d5fd852 written in .json file
2021-10-26 16:38:59,559 13088 [main] INFO  com.demo.Trello.TC2_CreateList - {
    "id": "6177e1cf666714136d5fd852",
    "name": "MQASList",
    "closed": false,
    "pos": 8192,
    "idBoard": "6177e1c9a5052415c3ba12ae",
    "limits": {
        
    }
}
2021-10-26 16:38:59,718 13247 [main] INFO  com.demo.Trello.TC3_CreateCard - Header added to the request
2021-10-26 16:38:59,723 13252 [main] INFO  com.demo.Trello.TC3_CreateCard - Query Parameter added to the Request
2021-10-26 16:39:00,531 14060 [main] INFO  com.demo.Trello.TC3_CreateCard - 6177e1d01d759a33c6a138fb written in .json file
2021-10-26 16:39:00,538 14067 [main] INFO  com.demo.Trello.TC3_CreateCard - {
    "id": "6177e1d01d759a33c6a138fb",
    "checkItemStates": [
        
    ],
    "closed": false,
    "dateLastActivity": "2021-10-26T11:09:04.524Z",
    "desc": "",
    "descData": {
        "emoji": {
            
        }
    },
    "dueReminder": null,
    "idBoard": "6177e1c9a5052415c3ba12ae",
    "idList": "6177e1cf666714136d5fd852",
    "idMembersVoted": [
        
    ],
    "idShort": 1,
    "idAttachmentCover": null,
    "idLabels": [
        
    ],
    "manualCoverAttachment": false,
    "name": "TrelloAutomation",
    "pos": 16384,
    "shortLink": "9daMSRtD",
    "isTemplate": false,
    "cardRole": null,
    "dueComplete": false,
    "due": null,
    "email": null,
    "labels": [
        
    ],
    "shortUrl": "https://trello.com/c/9daMSRtD",
    "start": null,
    "url": "https://trello.com/c/9daMSRtD/1-trelloautomation",
    "cover": {
        "idAttachment": null,
        "color": null,
        "idUploadedBackground": null,
        "size": "normal",
        "brightness": "dark",
        "idPlugin": null
    },
    "idMembers": [
        
    ],
    "attachments": [
        
    ],
    "badges": {
        "attachmentsByType": {
            "trello": {
                "board": 0,
                "card": 0
            }
        },
        "location": false,
        "votes": 0,
        "viewingMemberVoted": false,
        "subscribed": false,
        "fogbugz": "",
        "checkItems": 0,
        "checkItemsChecked": 0,
        "checkItemsEarliestDue": null,
        "comments": 0,
        "attachments": 0,
        "description": false,
        "due": null,
        "dueComplete": false,
        "start": null
    },
    "subscribed": false,
    "idChecklists": [
        
    ],
    "stickers": [
        
    ],
    "limits": {
        
    }
}
2021-10-26 16:39:00,677 14206 [main] INFO  com.demo.Trello.TC4_GetCard - Header added to the request
2021-10-26 16:39:00,682 14211 [main] INFO  com.demo.Trello.TC4_GetCard - Query Parameter added to the Request
2021-10-26 16:39:01,371 14900 [main] INFO  com.demo.Trello.TC4_GetCard - {
    "id": "6177e1d01d759a33c6a138fb",
    "checkItemStates": [
        
    ],
    "closed": false,
    "dateLastActivity": "2021-10-26T11:09:04.524Z",
    "desc": "",
    "descData": {
        "emoji": {
            
        }
    },
    "dueReminder": null,
    "idBoard": "6177e1c9a5052415c3ba12ae",
    "idList": "6177e1cf666714136d5fd852",
    "idMembersVoted": [
        
    ],
    "idShort": 1,
    "idAttachmentCover": null,
    "idLabels": [
        
    ],
    "manualCoverAttachment": false,
    "name": "TrelloAutomation",
    "pos": 16384,
    "shortLink": "9daMSRtD",
    "isTemplate": false,
    "cardRole": null,
    "dueComplete": false,
    "due": null,
    "email": null,
    "labels": [
        
    ],
    "shortUrl": "https://trello.com/c/9daMSRtD",
    "start": null,
    "url": "https://trello.com/c/9daMSRtD/1-trelloautomation",
    "idMembers": [
        
    ],
    "badges": {
        "attachmentsByType": {
            "trello": {
                "board": 0,
                "card": 0
            }
        },
        "location": false,
        "votes": 0,
        "viewingMemberVoted": false,
        "subscribed": false,
        "fogbugz": "",
        "checkItems": 0,
        "checkItemsChecked": 0,
        "checkItemsEarliestDue": null,
        "comments": 0,
        "attachments": 0,
        "description": false,
        "due": null,
        "dueComplete": false,
        "start": null
    },
    "subscribed": false,
    "idChecklists": [
        
    ],
    "cover": {
        "idAttachment": null,
        "color": null,
        "idUploadedBackground": null,
        "size": "normal",
        "brightness": "dark",
        "idPlugin": null
    }
}
2021-10-26 16:39:06,478 20007 [main] INFO  com.demo.Trello.TC5_UpdateCard - Header added to the request
2021-10-26 16:39:06,486 20015 [main] INFO  com.demo.Trello.TC5_UpdateCard - Query Parameter added to the Request
2021-10-26 16:39:07,199 20728 [main] INFO  com.demo.Trello.TC5_UpdateCard - {
    "id": "6177e1d01d759a33c6a138fb",
    "checkItemStates": [
        
    ],
    "closed": false,
    "dateLastActivity": "2021-10-26T11:09:11.229Z",
    "desc": "",
    "descData": {
        "emoji": {
            
        }
    },
    "dueReminder": null,
    "idBoard": "6177e1c9a5052415c3ba12ae",
    "idList": "6177e1cf666714136d5fd852",
    "idMembersVoted": [
        
    ],
    "idShort": 1,
    "idAttachmentCover": null,
    "idLabels": [
        
    ],
    "manualCoverAttachment": false,
    "name": "MQASList",
    "pos": 16384,
    "shortLink": "9daMSRtD",
    "isTemplate": false,
    "cardRole": null,
    "dueComplete": false,
    "due": null,
    "email": null,
    "labels": [
        
    ],
    "shortUrl": "https://trello.com/c/9daMSRtD",
    "start": null,
    "url": "https://trello.com/c/9daMSRtD/1-mqaslist",
    "cover": {
        "idAttachment": null,
        "color": null,
        "idUploadedBackground": null,
        "size": "normal",
        "brightness": "dark",
        "idPlugin": null
    },
    "idMembers": [
        
    ],
    "badges": {
        "attachmentsByType": {
            "trello": {
                "board": 0,
                "card": 0
            }
        },
        "location": false,
        "votes": 0,
        "viewingMemberVoted": false,
        "subscribed": false,
        "fogbugz": "",
        "checkItems": 0,
        "checkItemsChecked": 0,
        "checkItemsEarliestDue": null,
        "comments": 0,
        "attachments": 0,
        "description": false,
        "due": null,
        "dueComplete": false,
        "start": null
    },
    "subscribed": false,
    "idChecklists": [
        
    ]
}
2021-10-26 16:39:12,318 25847 [main] INFO  com.demo.Trello.TC6_DeleteCard - Header added to the request
2021-10-26 16:39:12,324 25853 [main] INFO  com.demo.Trello.TC6_DeleteCard - Query Parameter added to the Request
2021-10-26 16:39:13,037 26566 [main] INFO  com.demo.Trello.TC6_DeleteCard - {
    "limits": {
        
    }
}
