2021-10-25 17:22:53,576 404  [main] INFO  com.demo.baseutil.BaseTest - Running locally JavaMail
2021-10-25 17:22:54,109 937  [main] INFO  com.demo.baseutil.BaseTest - Folder creation for Extent
2021-10-25 17:22:54,113 941  [main] INFO  com.demo.baseutil.BaseTest - ExtentDir:-C:\Users\Dell\Downloads\DemoMavenProjectNew\DemoMavenProjectNew/reports/Automation Report- 10_25_2021_17_22_54
2021-10-25 17:22:54,300 1128 [main] INFO  com.demo.baseutil.BaseTest - Report Initiated
2021-10-25 17:23:01,276 8104 [main] INFO  com.demo.Trello.TC1_CreateBoard - 61769aa0f18fef2c198749e3 written in token.json file
2021-10-25 17:23:01,315 8143 [main] INFO  com.demo.Trello.TC1_CreateBoard - {
    "id": "61769aa0f18fef2c198749e3",
    "name": "testyantraAutomation",
    "desc": "",
    "descData": null,
    "closed": false,
    "idOrganization": "60c21b03202c167a2083ea7e",
    "idEnterprise": null,
    "pinned": false,
    "url": "https://trello.com/b/FW3a2b6z/testyantraautomation",
    "shortUrl": "https://trello.com/b/FW3a2b6z",
    "prefs": {
        "permissionLevel": "private",
        "hideVotes": false,
        "voting": "disabled",
        "comments": "members",
        "invitations": "members",
        "selfJoin": true,
        "cardCovers": true,
        "isTemplate": false,
        "cardAging": "regular",
        "calendarFeedEnabled": false,
        "background": "blue",
        "backgroundImage": null,
        "backgroundImageScaled": null,
        "backgroundTile": false,
        "backgroundBrightness": "dark",
        "backgroundColor": "#0079BF",
        "backgroundBottomColor": "#0079BF",
        "backgroundTopColor": "#0079BF",
        "canBePublic": true,
        "canBeEnterprise": true,
        "canBeOrg": true,
        "canBePrivate": true,
        "canInvite": true
    },
    "labelNames": {
        "green": "",
        "yellow": "",
        "orange": "",
        "red": "",
        "purple": "",
        "blue": "",
        "sky": "",
        "lime": "",
        "pink": "",
        "black": ""
    },
    "limits": {
        
    }
}
2021-10-25 17:23:02,296 9124 [main] INFO  com.demo.Trello.TC2_CreateList - 61769aa2aeb68d5626d43aa2 written in token.json file
2021-10-25 17:23:02,300 9128 [main] INFO  com.demo.Trello.TC2_CreateList - {
    "id": "61769aa2aeb68d5626d43aa2",
    "name": "automation",
    "closed": false,
    "pos": 8192,
    "idBoard": "61769aa0f18fef2c198749e3",
    "limits": {
        
    }
}
2021-10-25 17:23:03,377 10205 [main] INFO  com.demo.Trello.TC3_CreateCard - 61769aa3efddd34a3e79bfa9 written in token.json file
2021-10-25 17:23:03,379 10207 [main] INFO  com.demo.Trello.TC3_CreateCard - Project Created Successfully
2021-10-25 17:23:03,384 10212 [main] INFO  com.demo.Trello.TC3_CreateCard - {
    "id": "61769aa3efddd34a3e79bfa9",
    "checkItemStates": [
        
    ],
    "closed": false,
    "dateLastActivity": "2021-10-25T11:53:07.632Z",
    "desc": "",
    "descData": {
        "emoji": {
            
        }
    },
    "dueReminder": null,
    "idBoard": "61769aa0f18fef2c198749e3",
    "idList": "61769aa2aeb68d5626d43aa2",
    "idMembersVoted": [
        
    ],
    "idShort": 1,
    "idAttachmentCover": null,
    "idLabels": [
        
    ],
    "manualCoverAttachment": false,
    "name": "automationcard",
    "pos": 16384,
    "shortLink": "i9pEXdmA",
    "isTemplate": false,
    "cardRole": null,
    "dueComplete": false,
    "due": null,
    "email": null,
    "labels": [
        
    ],
    "shortUrl": "https://trello.com/c/i9pEXdmA",
    "start": null,
    "url": "https://trello.com/c/i9pEXdmA/1-automationcard",
    "cover": {
        "idAttachment": null,
        "color": null,
        "idUploadedBackground": null,
        "size": "normal",
        "brightness": "dark",
        "idPlugin": null
    },
    "idMembers": [
        
    ],
    "attachments": [
        
    ],
    "badges": {
        "attachmentsByType": {
            "trello": {
                "board": 0,
                "card": 0
            }
        },
        "location": false,
        "votes": 0,
        "viewingMemberVoted": false,
        "subscribed": false,
        "fogbugz": "",
        "checkItems": 0,
        "checkItemsChecked": 0,
        "checkItemsEarliestDue": null,
        "comments": 0,
        "attachments": 0,
        "description": false,
        "due": null,
        "dueComplete": false,
        "start": null
    },
    "subscribed": false,
    "idChecklists": [
        
    ],
    "stickers": [
        
    ],
    "limits": {
        
    }
}
2021-10-25 17:23:04,310 11138 [main] INFO  com.demo.Trello.TC4_GetCard - Project fetched Successfully
2021-10-25 17:23:04,313 11141 [main] INFO  com.demo.Trello.TC4_GetCard - {
    "id": "61769aa3efddd34a3e79bfa9",
    "checkItemStates": [
        
    ],
    "closed": false,
    "dateLastActivity": "2021-10-25T11:53:07.632Z",
    "desc": "",
    "descData": {
        "emoji": {
            
        }
    },
    "dueReminder": null,
    "idBoard": "61769aa0f18fef2c198749e3",
    "idList": "61769aa2aeb68d5626d43aa2",
    "idMembersVoted": [
        
    ],
    "idShort": 1,
    "idAttachmentCover": null,
    "idLabels": [
        
    ],
    "manualCoverAttachment": false,
    "name": "automationcard",
    "pos": 16384,
    "shortLink": "i9pEXdmA",
    "isTemplate": false,
    "cardRole": null,
    "dueComplete": false,
    "due": null,
    "email": null,
    "labels": [
        
    ],
    "shortUrl": "https://trello.com/c/i9pEXdmA",
    "start": null,
    "url": "https://trello.com/c/i9pEXdmA/1-automationcard",
    "idMembers": [
        
    ],
    "badges": {
        "attachmentsByType": {
            "trello": {
                "board": 0,
                "card": 0
            }
        },
        "location": false,
        "votes": 0,
        "viewingMemberVoted": false,
        "subscribed": false,
        "fogbugz": "",
        "checkItems": 0,
        "checkItemsChecked": 0,
        "checkItemsEarliestDue": null,
        "comments": 0,
        "attachments": 0,
        "description": false,
        "due": null,
        "dueComplete": false,
        "start": null
    },
    "subscribed": false,
    "idChecklists": [
        
    ],
    "cover": {
        "idAttachment": null,
        "color": null,
        "idUploadedBackground": null,
        "size": "normal",
        "brightness": "dark",
        "idPlugin": null
    }
}
2021-10-25 17:23:05,201 12029 [main] INFO  com.demo.Trello.TC5_UpdateCard - Project Updated Successfully using PUT Request
2021-10-25 17:23:05,205 12033 [main] INFO  com.demo.Trello.TC5_UpdateCard - {
    "id": "61769aa3efddd34a3e79bfa9",
    "checkItemStates": [
        
    ],
    "closed": false,
    "dateLastActivity": "2021-10-25T11:53:07.632Z",
    "desc": "",
    "descData": {
        "emoji": {
            
        }
    },
    "dueReminder": null,
    "idBoard": "61769aa0f18fef2c198749e3",
    "idList": "61769aa2aeb68d5626d43aa2",
    "idMembersVoted": [
        
    ],
    "idShort": 1,
    "idAttachmentCover": null,
    "idLabels": [
        
    ],
    "manualCoverAttachment": false,
    "name": "automationcard",
    "pos": 16384,
    "shortLink": "i9pEXdmA",
    "isTemplate": false,
    "cardRole": null,
    "dueComplete": false,
    "due": null,
    "email": null,
    "labels": [
        
    ],
    "shortUrl": "https://trello.com/c/i9pEXdmA",
    "start": null,
    "url": "https://trello.com/c/i9pEXdmA/1-automationcard",
    "cover": {
        "idAttachment": null,
        "color": null,
        "idUploadedBackground": null,
        "size": "normal",
        "brightness": "dark",
        "idPlugin": null
    },
    "idMembers": [
        
    ],
    "badges": {
        "attachmentsByType": {
            "trello": {
                "board": 0,
                "card": 0
            }
        },
        "location": false,
        "votes": 0,
        "viewingMemberVoted": false,
        "subscribed": false,
        "fogbugz": "",
        "checkItems": 0,
        "checkItemsChecked": 0,
        "checkItemsEarliestDue": null,
        "comments": 0,
        "attachments": 0,
        "description": false,
        "due": null,
        "dueComplete": false,
        "start": null
    },
    "subscribed": false,
    "idChecklists": [
        
    ]
}
2021-10-25 17:23:05,917 12745 [main] INFO  com.demo.Trello.TC6_DeleteCard - Project Deleted Successfully
2021-10-25 17:23:05,918 12746 [main] INFO  com.demo.Trello.TC6_DeleteCard - invalid key
