2021-10-26 12:17:48,950 432  [main] INFO  com.demo.baseutil.BaseTest - Running locally JavaMail
2021-10-26 12:17:49,411 893  [main] INFO  com.demo.baseutil.BaseTest - Folder creation for Extent
2021-10-26 12:17:49,413 895  [main] INFO  com.demo.baseutil.BaseTest - ExtentDir:-C:\Users\Dell\Downloads\DemoMavenProjectNew\DemoMavenProjectNew/reports/Automation Report- 10_26_2021_12_17_49
2021-10-26 12:17:49,602 1084 [main] INFO  com.demo.baseutil.BaseTest - Report Initiated
2021-10-26 12:17:52,244 3726 [main] INFO  com.demo.Trello.TC1_CreateBoard - Header added to the request
2021-10-26 12:17:52,269 3751 [main] INFO  com.demo.Trello.TC1_CreateBoard - Query Parameter added to the Request
2021-10-26 12:17:56,317 7799 [main] INFO  com.demo.Trello.TC1_CreateBoard - 6177a49e59b6645dbdf37b45 written in .json file
2021-10-26 12:17:56,349 7831 [main] INFO  com.demo.Trello.TC1_CreateBoard - {
    "id": "6177a49e59b6645dbdf37b45",
    "name": "Testyantra",
    "desc": "",
    "descData": null,
    "closed": false,
    "idOrganization": "60c21b03202c167a2083ea7e",
    "idEnterprise": null,
    "pinned": false,
    "url": "https://trello.com/b/jWqHeOqS/testyantra",
    "shortUrl": "https://trello.com/b/jWqHeOqS",
    "prefs": {
        "permissionLevel": "private",
        "hideVotes": false,
        "voting": "disabled",
        "comments": "members",
        "invitations": "members",
        "selfJoin": true,
        "cardCovers": true,
        "isTemplate": false,
        "cardAging": "regular",
        "calendarFeedEnabled": false,
        "background": "blue",
        "backgroundImage": null,
        "backgroundImageScaled": null,
        "backgroundTile": false,
        "backgroundBrightness": "dark",
        "backgroundColor": "#0079BF",
        "backgroundBottomColor": "#0079BF",
        "backgroundTopColor": "#0079BF",
        "canBePublic": true,
        "canBeEnterprise": true,
        "canBeOrg": true,
        "canBePrivate": true,
        "canInvite": true
    },
    "labelNames": {
        "green": "",
        "yellow": "",
        "orange": "",
        "red": "",
        "purple": "",
        "blue": "",
        "sky": "",
        "lime": "",
        "pink": "",
        "black": ""
    },
    "limits": {
        
    }
}
2021-10-26 12:17:56,537 8019 [main] INFO  com.demo.Trello.TC2_CreateList - Header added to the request
2021-10-26 12:17:56,540 8022 [main] INFO  com.demo.Trello.TC2_CreateList - Query Parameter added to the Request
2021-10-26 12:17:57,133 8615 [main] ERROR com.demo.Trello.TC2_CreateList - Unable to Create list
2021-10-26 12:17:57,267 8749 [main] INFO  com.demo.Trello.TC3_CreateCard - Header added to the request
2021-10-26 12:17:57,273 8755 [main] INFO  com.demo.Trello.TC3_CreateCard - Query Parameter added to the Request
2021-10-26 12:17:57,881 9363 [main] ERROR com.demo.Trello.TC3_CreateCard - Unable to Create Card
2021-10-26 12:17:58,038 9520 [main] INFO  com.demo.Trello.TC4_GetCard - Header added to the request
2021-10-26 12:17:58,040 9522 [main] INFO  com.demo.Trello.TC4_GetCard - Query Parameter added to the Request
2021-10-26 12:17:58,813 10295 [main] INFO  com.demo.Trello.TC5_UpdateCard - Header added to the request
2021-10-26 12:17:58,814 10296 [main] INFO  com.demo.Trello.TC5_UpdateCard - Query Parameter added to the Request
2021-10-26 12:17:59,526 11008 [main] INFO  com.demo.Trello.TC6_DeleteCard - Header added to the request
2021-10-26 12:17:59,527 11009 [main] INFO  com.demo.Trello.TC6_DeleteCard - Query Parameter added to the Request
2021-10-26 12:18:00,144 11626 [main] INFO  com.demo.Trello.TC6_DeleteCard - The requested resource was not found.
