2021-10-22 18:31:01,913 142  [main] INFO  com.demo.baseutil.BaseTest - Running locally JavaMail
2021-10-22 18:31:02,085 314  [main] INFO  com.demo.baseutil.BaseTest - Folder creation for Extent
2021-10-22 18:31:02,086 315  [main] INFO  com.demo.baseutil.BaseTest - ExtentDir:-C:\Users\mechm\Downloads\DemoMavenProject/reports/Automation Report- 10_22_2021_18_31_02
2021-10-22 18:31:02,203 432  [main] INFO  com.demo.baseutil.BaseTest - Report Initiated
2021-10-22 18:31:19,954 18183 [main] INFO  com.demo.JobPortal.TC1_UserSignUp - Manikandan register successfully
2021-10-22 18:31:22,056 20285 [main] INFO  com.demo.JobPortal.TC2_GetToken - eyJhbGciOiJIUzUxMiJ9.eyJzdWIiOiJNYW5pa2FuZGFuIiwiZXhwIjoxNjM0OTE0ODgxLCJpYXQiOjE2MzQ5MDc2ODF9.3Jz138QkkyB3WQVX9XGUOaCYkq1_VsZTw_I_6sMysP-gyWl0Eopqhg1wOngkixfBqVRGkzUr-YJ1Uc705PcSpQ written in token.json file
2021-10-22 18:31:22,059 20288 [main] INFO  com.demo.JobPortal.TC2_GetToken - {
    "token": "eyJhbGciOiJIUzUxMiJ9.eyJzdWIiOiJNYW5pa2FuZGFuIiwiZXhwIjoxNjM0OTE0ODgxLCJpYXQiOjE2MzQ5MDc2ODF9.3Jz138QkkyB3WQVX9XGUOaCYkq1_VsZTw_I_6sMysP-gyWl0Eopqhg1wOngkixfBqVRGkzUr-YJ1Uc705PcSpQ"
}
2021-10-22 18:31:23,597 21826 [main] INFO  com.demo.JobPortal.TC3_CreateProject - Project Created Successfully
2021-10-22 18:31:23,598 21827 [main] INFO  com.demo.JobPortal.TC3_CreateProject - {
    "jobId": 234,
    "jobTitle": "SDET Engineer",
    "jobDescription": "SDET Role",
    "experience": [
        "2 Years"
    ],
    "project": [
        {
            "projectName": "HCL",
            "technology": [
                "java"
            ]
        }
    ]
}
2021-10-22 18:31:24,988 23217 [main] INFO  com.demo.JobPortal.TC4_GetAllProjects - Project fetched Successfully
2021-10-22 18:31:24,988 23217 [main] INFO  com.demo.JobPortal.TC4_GetAllProjects - [
    {
        "jobId": 1,
        "jobTitle": "Software Engg",
        "jobDescription": "To develop andriod application",
        "experience": [
            "Google",
            "Apple",
            "Mobile Iron"
        ],
        "project": [
            {
                "projectName": "Movie App",
                "technology": [
                    "Kotlin",
                    "SQL Lite",
                    "Gradle"
                ]
            }
        ]
    },
    {
        "jobId": 234,
        "jobTitle": "SDET Engineer",
        "jobDescription": "SDET Role",
        "experience": [
            "2 Years"
        ],
        "project": [
            {
                "projectName": "HCL",
                "technology": [
                    "java"
                ]
            }
        ]
    }
]
2021-10-22 18:31:26,403 24632 [main] INFO  com.demo.JobPortal.TC5_FindProject - Project fetched Successfully
2021-10-22 18:31:26,403 24632 [main] INFO  com.demo.JobPortal.TC5_FindProject - {
    "jobId": 234,
    "jobTitle": "SDET Engineer",
    "jobDescription": "SDET Role",
    "experience": [
        "2 Years"
    ],
    "project": [
        {
            "projectName": "HCL",
            "technology": [
                "java"
            ]
        }
    ]
}
2021-10-22 18:31:27,779 26008 [main] INFO  com.demo.JobPortal.TC6_UpdateProject - Project Updated Successfully using PUT Request
2021-10-22 18:31:27,779 26008 [main] INFO  com.demo.JobPortal.TC6_UpdateProject - {
    "jobId": 234,
    "jobTitle": "SDET Engineer",
    "jobDescription": "SDET",
    "experience": [
        "4 Years"
    ],
    "project": [
        {
            "projectName": "HCL",
            "technology": [
                "java"
            ]
        }
    ]
}
2021-10-22 18:31:29,164 27393 [main] INFO  com.demo.JobPortal.TC7_UpdateUsingPatch - Project Updated Successfully using PATCH Request
2021-10-22 18:31:29,165 27394 [main] INFO  com.demo.JobPortal.TC7_UpdateUsingPatch - {
    "jobId": 234,
    "jobTitle": "SDET Engineer",
    "jobDescription": "SDET",
    "experience": [
        "4 Years"
    ],
    "project": [
        {
            "projectName": "HCL",
            "technology": [
                "java"
            ]
        }
    ]
}
2021-10-22 18:31:30,603 28832 [main] INFO  com.demo.JobPortal.TC8_DeleteProject - Project Deleted Successfully
2021-10-22 18:31:30,604 28833 [main] INFO  com.demo.JobPortal.TC8_DeleteProject - {
    "jobId": 234,
    "jobTitle": "SDET Engineer",
    "jobDescription": "SDET",
    "experience": [
        "4 Years"
    ],
    "project": [
        {
            "projectName": "HCL",
            "technology": [
                "java"
            ]
        }
    ]
}
