2021-10-26 12:40:56,431 410  [main] INFO  com.demo.baseutil.BaseTest - Running locally JavaMail
2021-10-26 12:40:56,896 875  [main] INFO  com.demo.baseutil.BaseTest - Folder creation for Extent
2021-10-26 12:40:56,899 878  [main] INFO  com.demo.baseutil.BaseTest - ExtentDir:-C:\Users\Dell\Downloads\DemoMavenProjectNew\DemoMavenProjectNew/reports/Automation Report- 10_26_2021_12_40_56
2021-10-26 12:40:57,075 1054 [main] INFO  com.demo.baseutil.BaseTest - Report Initiated
2021-10-26 12:40:59,705 3684 [main] INFO  com.demo.Trello.TC1_CreateBoard - Header added to the request
2021-10-26 12:40:59,760 3739 [main] INFO  com.demo.Trello.TC1_CreateBoard - Query Parameter added to the Request
2021-10-26 12:41:04,499 8478 [main] INFO  com.demo.Trello.TC1_CreateBoard - 6177aa0aa9a712431d27b952 written in .json file
2021-10-26 12:41:04,527 8506 [main] INFO  com.demo.Trello.TC1_CreateBoard - {
    "id": "6177aa0aa9a712431d27b952",
    "name": "Testyantra",
    "desc": "",
    "descData": null,
    "closed": false,
    "idOrganization": "60c21b03202c167a2083ea7e",
    "idEnterprise": null,
    "pinned": false,
    "url": "https://trello.com/b/tG1TiHRs/testyantra",
    "shortUrl": "https://trello.com/b/tG1TiHRs",
    "prefs": {
        "permissionLevel": "private",
        "hideVotes": false,
        "voting": "disabled",
        "comments": "members",
        "invitations": "members",
        "selfJoin": true,
        "cardCovers": true,
        "isTemplate": false,
        "cardAging": "regular",
        "calendarFeedEnabled": false,
        "background": "blue",
        "backgroundImage": null,
        "backgroundImageScaled": null,
        "backgroundTile": false,
        "backgroundBrightness": "dark",
        "backgroundColor": "#0079BF",
        "backgroundBottomColor": "#0079BF",
        "backgroundTopColor": "#0079BF",
        "canBePublic": true,
        "canBeEnterprise": true,
        "canBeOrg": true,
        "canBePrivate": true,
        "canInvite": true
    },
    "labelNames": {
        "green": "",
        "yellow": "",
        "orange": "",
        "red": "",
        "purple": "",
        "blue": "",
        "sky": "",
        "lime": "",
        "pink": "",
        "black": ""
    },
    "limits": {
        
    }
}
2021-10-26 12:41:04,872 8851 [main] INFO  com.demo.Trello.TC2_CreateList - Header added to the request
2021-10-26 12:41:04,887 8866 [main] INFO  com.demo.Trello.TC2_CreateList - Query Parameter added to the Request
2021-10-26 12:41:05,592 9571 [main] INFO  com.demo.Trello.TC2_CreateList - 6177aa0d5f7a7a1efe3d9346 written in .json file
2021-10-26 12:41:05,595 9574 [main] INFO  com.demo.Trello.TC2_CreateList - {
    "id": "6177aa0d5f7a7a1efe3d9346",
    "name": "MQASList",
    "closed": false,
    "pos": 8192,
    "idBoard": "6177aa0aa9a712431d27b952",
    "limits": {
        
    }
}
2021-10-26 12:41:05,733 9712 [main] INFO  com.demo.Trello.TC3_CreateCard - Header added to the request
2021-10-26 12:41:05,742 9721 [main] INFO  com.demo.Trello.TC3_CreateCard - Query Parameter added to the Request
2021-10-26 12:41:06,584 10563 [main] INFO  com.demo.Trello.TC3_CreateCard - 6177aa0e1967f1281bdf1f62 written in .json file
2021-10-26 12:41:06,594 10573 [main] INFO  com.demo.Trello.TC3_CreateCard - {
    "id": "6177aa0e1967f1281bdf1f62",
    "checkItemStates": [
        
    ],
    "closed": false,
    "dateLastActivity": "2021-10-26T07:11:10.581Z",
    "desc": "",
    "descData": {
        "emoji": {
            
        }
    },
    "dueReminder": null,
    "idBoard": "6177aa0aa9a712431d27b952",
    "idList": "6177aa0d5f7a7a1efe3d9346",
    "idMembersVoted": [
        
    ],
    "idShort": 1,
    "idAttachmentCover": null,
    "idLabels": [
        
    ],
    "manualCoverAttachment": false,
    "name": "TrelloAutomation",
    "pos": 16384,
    "shortLink": "D55kexbc",
    "isTemplate": false,
    "cardRole": null,
    "dueComplete": false,
    "due": null,
    "email": null,
    "labels": [
        
    ],
    "shortUrl": "https://trello.com/c/D55kexbc",
    "start": null,
    "url": "https://trello.com/c/D55kexbc/1-trelloautomation",
    "cover": {
        "idAttachment": null,
        "color": null,
        "idUploadedBackground": null,
        "size": "normal",
        "brightness": "dark",
        "idPlugin": null
    },
    "idMembers": [
        
    ],
    "attachments": [
        
    ],
    "badges": {
        "attachmentsByType": {
            "trello": {
                "board": 0,
                "card": 0
            }
        },
        "location": false,
        "votes": 0,
        "viewingMemberVoted": false,
        "subscribed": false,
        "fogbugz": "",
        "checkItems": 0,
        "checkItemsChecked": 0,
        "checkItemsEarliestDue": null,
        "comments": 0,
        "attachments": 0,
        "description": false,
        "due": null,
        "dueComplete": false,
        "start": null
    },
    "subscribed": false,
    "idChecklists": [
        
    ],
    "stickers": [
        
    ],
    "limits": {
        
    }
}
2021-10-26 12:41:06,816 10795 [main] INFO  com.demo.Trello.TC4_GetCard - Header added to the request
2021-10-26 12:41:06,818 10797 [main] INFO  com.demo.Trello.TC4_GetCard - Query Parameter added to the Request
2021-10-26 12:41:07,516 11495 [main] INFO  com.demo.Trello.TC4_GetCard - {
    "id": "6177aa0e1967f1281bdf1f62",
    "checkItemStates": [
        
    ],
    "closed": false,
    "dateLastActivity": "2021-10-26T07:11:10.581Z",
    "desc": "",
    "descData": {
        "emoji": {
            
        }
    },
    "dueReminder": null,
    "idBoard": "6177aa0aa9a712431d27b952",
    "idList": "6177aa0d5f7a7a1efe3d9346",
    "idMembersVoted": [
        
    ],
    "idShort": 1,
    "idAttachmentCover": null,
    "idLabels": [
        
    ],
    "manualCoverAttachment": false,
    "name": "TrelloAutomation",
    "pos": 16384,
    "shortLink": "D55kexbc",
    "isTemplate": false,
    "cardRole": null,
    "dueComplete": false,
    "due": null,
    "email": null,
    "labels": [
        
    ],
    "shortUrl": "https://trello.com/c/D55kexbc",
    "start": null,
    "url": "https://trello.com/c/D55kexbc/1-trelloautomation",
    "idMembers": [
        
    ],
    "badges": {
        "attachmentsByType": {
            "trello": {
                "board": 0,
                "card": 0
            }
        },
        "location": false,
        "votes": 0,
        "viewingMemberVoted": false,
        "subscribed": false,
        "fogbugz": "",
        "checkItems": 0,
        "checkItemsChecked": 0,
        "checkItemsEarliestDue": null,
        "comments": 0,
        "attachments": 0,
        "description": false,
        "due": null,
        "dueComplete": false,
        "start": null
    },
    "subscribed": false,
    "idChecklists": [
        
    ],
    "cover": {
        "idAttachment": null,
        "color": null,
        "idUploadedBackground": null,
        "size": "normal",
        "brightness": "dark",
        "idPlugin": null
    }
}
2021-10-26 12:41:12,652 16631 [main] INFO  com.demo.Trello.TC5_UpdateCard - Header added to the request
2021-10-26 12:41:12,655 16634 [main] INFO  com.demo.Trello.TC5_UpdateCard - Query Parameter added to the Request
2021-10-26 12:41:13,272 17251 [main] INFO  com.demo.Trello.TC5_UpdateCard - {
    "id": "6177aa0e1967f1281bdf1f62",
    "checkItemStates": [
        
    ],
    "closed": false,
    "dateLastActivity": "2021-10-26T07:11:17.371Z",
    "desc": "",
    "descData": {
        "emoji": {
            
        }
    },
    "dueReminder": null,
    "idBoard": "6177aa0aa9a712431d27b952",
    "idList": "6177aa0d5f7a7a1efe3d9346",
    "idMembersVoted": [
        
    ],
    "idShort": 1,
    "idAttachmentCover": null,
    "idLabels": [
        
    ],
    "manualCoverAttachment": false,
    "name": "MQASList",
    "pos": 16384,
    "shortLink": "D55kexbc",
    "isTemplate": false,
    "cardRole": null,
    "dueComplete": false,
    "due": null,
    "email": null,
    "labels": [
        
    ],
    "shortUrl": "https://trello.com/c/D55kexbc",
    "start": null,
    "url": "https://trello.com/c/D55kexbc/1-mqaslist",
    "cover": {
        "idAttachment": null,
        "color": null,
        "idUploadedBackground": null,
        "size": "normal",
        "brightness": "dark",
        "idPlugin": null
    },
    "idMembers": [
        
    ],
    "badges": {
        "attachmentsByType": {
            "trello": {
                "board": 0,
                "card": 0
            }
        },
        "location": false,
        "votes": 0,
        "viewingMemberVoted": false,
        "subscribed": false,
        "fogbugz": "",
        "checkItems": 0,
        "checkItemsChecked": 0,
        "checkItemsEarliestDue": null,
        "comments": 0,
        "attachments": 0,
        "description": false,
        "due": null,
        "dueComplete": false,
        "start": null
    },
    "subscribed": false,
    "idChecklists": [
        
    ]
}
2021-10-26 12:41:18,402 22381 [main] INFO  com.demo.Trello.TC6_DeleteCard - Header added to the request
2021-10-26 12:41:18,405 22384 [main] INFO  com.demo.Trello.TC6_DeleteCard - Query Parameter added to the Request
2021-10-26 12:41:19,116 23095 [main] INFO  com.demo.Trello.TC6_DeleteCard - {
    "limits": {
        
    }
}
