2021-10-25 20:42:35,769 347  [main] INFO  com.demo.baseutil.BaseTest - Running locally JavaMail
2021-10-25 20:42:36,127 705  [main] INFO  com.demo.baseutil.BaseTest - Folder creation for Extent
2021-10-25 20:42:36,130 708  [main] INFO  com.demo.baseutil.BaseTest - ExtentDir:-C:\Users\Dell\Downloads\DemoMavenProjectNew\DemoMavenProjectNew/reports/Automation Report- 10_25_2021_20_42_36
2021-10-25 20:42:36,277 855  [main] INFO  com.demo.baseutil.BaseTest - Report Initiated
2021-10-25 20:42:42,536 7114 [main] INFO  com.demo.Trello.TC1_CreateBoard - 6176c96d03f07e597cd24542 written in token.json file
2021-10-25 20:42:42,557 7135 [main] INFO  com.demo.Trello.TC1_CreateBoard - {
    "id": "6176c96d03f07e597cd24542",
    "name": "testyantraAutomation",
    "desc": "",
    "descData": null,
    "closed": false,
    "idOrganization": "60c21b03202c167a2083ea7e",
    "idEnterprise": null,
    "pinned": false,
    "url": "https://trello.com/b/lJ8S771H/testyantraautomation",
    "shortUrl": "https://trello.com/b/lJ8S771H",
    "prefs": {
        "permissionLevel": "private",
        "hideVotes": false,
        "voting": "disabled",
        "comments": "members",
        "invitations": "members",
        "selfJoin": true,
        "cardCovers": true,
        "isTemplate": false,
        "cardAging": "regular",
        "calendarFeedEnabled": false,
        "background": "blue",
        "backgroundImage": null,
        "backgroundImageScaled": null,
        "backgroundTile": false,
        "backgroundBrightness": "dark",
        "backgroundColor": "#0079BF",
        "backgroundBottomColor": "#0079BF",
        "backgroundTopColor": "#0079BF",
        "canBePublic": true,
        "canBeEnterprise": true,
        "canBeOrg": true,
        "canBePrivate": true,
        "canInvite": true
    },
    "labelNames": {
        "green": "",
        "yellow": "",
        "orange": "",
        "red": "",
        "purple": "",
        "blue": "",
        "sky": "",
        "lime": "",
        "pink": "",
        "black": ""
    },
    "limits": {
        
    }
}
2021-10-25 20:42:43,691 8269 [main] INFO  com.demo.Trello.TC2_CreateList - 6176c96f377a436a94568d93 written in token.json file
2021-10-25 20:42:43,693 8271 [main] INFO  com.demo.Trello.TC2_CreateList - {
    "id": "6176c96f377a436a94568d93",
    "name": "automation",
    "closed": false,
    "pos": 8192,
    "idBoard": "6176c96d03f07e597cd24542",
    "limits": {
        
    }
}
2021-10-25 20:42:44,709 9287 [main] INFO  com.demo.Trello.TC3_CreateCard - 6176c9709308313c70992ee4 written in token.json file
2021-10-25 20:42:44,710 9288 [main] INFO  com.demo.Trello.TC3_CreateCard - Card Created Successfully
2021-10-25 20:42:44,714 9292 [main] INFO  com.demo.Trello.TC3_CreateCard - {
    "id": "6176c9709308313c70992ee4",
    "checkItemStates": [
        
    ],
    "closed": false,
    "dateLastActivity": "2021-10-25T15:12:48.626Z",
    "desc": "",
    "descData": {
        "emoji": {
            
        }
    },
    "dueReminder": null,
    "idBoard": "6176c96d03f07e597cd24542",
    "idList": "6176c96f377a436a94568d93",
    "idMembersVoted": [
        
    ],
    "idShort": 1,
    "idAttachmentCover": null,
    "idLabels": [
        
    ],
    "manualCoverAttachment": false,
    "name": "automationcard",
    "pos": 16384,
    "shortLink": "nJfzXXuz",
    "isTemplate": false,
    "cardRole": null,
    "dueComplete": false,
    "due": null,
    "email": null,
    "labels": [
        
    ],
    "shortUrl": "https://trello.com/c/nJfzXXuz",
    "start": null,
    "url": "https://trello.com/c/nJfzXXuz/1-automationcard",
    "cover": {
        "idAttachment": null,
        "color": null,
        "idUploadedBackground": null,
        "size": "normal",
        "brightness": "dark",
        "idPlugin": null
    },
    "idMembers": [
        
    ],
    "attachments": [
        
    ],
    "idChecklists": [
        
    ],
    "badges": {
        "attachmentsByType": {
            "trello": {
                "board": 0,
                "card": 0
            }
        },
        "location": false,
        "votes": 0,
        "viewingMemberVoted": false,
        "subscribed": false,
        "fogbugz": "",
        "checkItems": 0,
        "checkItemsChecked": 0,
        "checkItemsEarliestDue": null,
        "comments": 0,
        "attachments": 0,
        "description": false,
        "due": null,
        "dueComplete": false,
        "start": null
    },
    "subscribed": false,
    "stickers": [
        
    ],
    "limits": {
        
    }
}
2021-10-25 20:42:45,629 10207 [main] INFO  com.demo.Trello.TC4_GetCard - Card fetched Successfully
2021-10-25 20:42:45,638 10216 [main] INFO  com.demo.Trello.TC4_GetCard - {
    "id": "6176c9709308313c70992ee4",
    "checkItemStates": [
        
    ],
    "closed": false,
    "dateLastActivity": "2021-10-25T15:12:48.626Z",
    "desc": "",
    "descData": {
        "emoji": {
            
        }
    },
    "dueReminder": null,
    "idBoard": "6176c96d03f07e597cd24542",
    "idList": "6176c96f377a436a94568d93",
    "idMembersVoted": [
        
    ],
    "idShort": 1,
    "idAttachmentCover": null,
    "idLabels": [
        
    ],
    "manualCoverAttachment": false,
    "name": "automationcard",
    "pos": 16384,
    "shortLink": "nJfzXXuz",
    "isTemplate": false,
    "cardRole": null,
    "dueComplete": false,
    "due": null,
    "email": null,
    "labels": [
        
    ],
    "shortUrl": "https://trello.com/c/nJfzXXuz",
    "start": null,
    "url": "https://trello.com/c/nJfzXXuz/1-automationcard",
    "idMembers": [
        
    ],
    "badges": {
        "attachmentsByType": {
            "trello": {
                "board": 0,
                "card": 0
            }
        },
        "location": false,
        "votes": 0,
        "viewingMemberVoted": false,
        "subscribed": false,
        "fogbugz": "",
        "checkItems": 0,
        "checkItemsChecked": 0,
        "checkItemsEarliestDue": null,
        "comments": 0,
        "attachments": 0,
        "description": false,
        "due": null,
        "dueComplete": false,
        "start": null
    },
    "subscribed": false,
    "idChecklists": [
        
    ],
    "cover": {
        "idAttachment": null,
        "color": null,
        "idUploadedBackground": null,
        "size": "normal",
        "brightness": "dark",
        "idPlugin": null
    }
}
2021-10-25 20:42:46,548 11126 [main] INFO  com.demo.Trello.TC5_UpdateCard - Card Updated Successfully using PUT Request
2021-10-25 20:42:46,558 11136 [main] INFO  com.demo.Trello.TC5_UpdateCard - {
    "id": "6176c9709308313c70992ee4",
    "checkItemStates": [
        
    ],
    "closed": false,
    "dateLastActivity": "2021-10-25T15:12:48.626Z",
    "desc": "",
    "descData": {
        "emoji": {
            
        }
    },
    "dueReminder": null,
    "idBoard": "6176c96d03f07e597cd24542",
    "idList": "6176c96f377a436a94568d93",
    "idMembersVoted": [
        
    ],
    "idShort": 1,
    "idAttachmentCover": null,
    "idLabels": [
        
    ],
    "manualCoverAttachment": false,
    "name": "automationcard",
    "pos": 16384,
    "shortLink": "nJfzXXuz",
    "isTemplate": false,
    "cardRole": null,
    "dueComplete": false,
    "due": null,
    "email": null,
    "labels": [
        
    ],
    "shortUrl": "https://trello.com/c/nJfzXXuz",
    "start": null,
    "url": "https://trello.com/c/nJfzXXuz/1-automationcard",
    "cover": {
        "idAttachment": null,
        "color": null,
        "idUploadedBackground": null,
        "size": "normal",
        "brightness": "dark",
        "idPlugin": null
    },
    "idMembers": [
        
    ],
    "badges": {
        "attachmentsByType": {
            "trello": {
                "board": 0,
                "card": 0
            }
        },
        "location": false,
        "votes": 0,
        "viewingMemberVoted": false,
        "subscribed": false,
        "fogbugz": "",
        "checkItems": 0,
        "checkItemsChecked": 0,
        "checkItemsEarliestDue": null,
        "comments": 0,
        "attachments": 0,
        "description": false,
        "due": null,
        "dueComplete": false,
        "start": null
    },
    "subscribed": false,
    "idChecklists": [
        
    ]
}
2021-10-25 20:42:47,599 12177 [main] INFO  com.demo.Trello.TC6_DeleteCard - Card Deleted Successfully
2021-10-25 20:42:47,600 12178 [main] INFO  com.demo.Trello.TC6_DeleteCard - invalid key
