2021-10-25 21:21:57,726 419  [main] INFO  com.demo.baseutil.BaseTest - Running locally JavaMail
2021-10-25 21:21:58,135 828  [main] INFO  com.demo.baseutil.BaseTest - Folder creation for Extent
2021-10-25 21:21:58,138 831  [main] INFO  com.demo.baseutil.BaseTest - ExtentDir:-C:\Users\Dell\Downloads\DemoMavenProjectNew\DemoMavenProjectNew/reports/Automation Report- 10_25_2021_21_21_58
2021-10-25 21:21:58,301 994  [main] INFO  com.demo.baseutil.BaseTest - Report Initiated
2021-10-25 21:22:04,815 7508 [main] INFO  com.demo.Trello.TC1_CreateBoard - 6176d2a75e7aa45b3ffa9baa written in token.json file
2021-10-25 21:22:05,897 8590 [main] INFO  com.demo.Trello.TC2_CreateList - 6176d2a9d81e867ad3fb84a3 written in token.json file
2021-10-25 21:22:05,902 8595 [main] INFO  com.demo.Trello.TC2_CreateList - {
    "id": "6176d2a9d81e867ad3fb84a3",
    "name": "TestyantraAutomation",
    "closed": false,
    "pos": 8192,
    "idBoard": "6176d2a75e7aa45b3ffa9baa",
    "limits": {
        
    }
}
2021-10-25 21:22:07,380 10073 [main] INFO  com.demo.Trello.TC3_CreateCard - 6176d2ab02a37e2db3369f60 written in token.json file
2021-10-25 21:22:07,381 10074 [main] INFO  com.demo.Trello.TC3_CreateCard - Card Created Successfully
2021-10-25 21:22:07,385 10078 [main] INFO  com.demo.Trello.TC3_CreateCard - {
    "id": "6176d2ab02a37e2db3369f60",
    "checkItemStates": [
        
    ],
    "closed": false,
    "dateLastActivity": "2021-10-25T15:52:11.270Z",
    "desc": "",
    "descData": {
        "emoji": {
            
        }
    },
    "dueReminder": null,
    "idBoard": "6176d2a75e7aa45b3ffa9baa",
    "idList": "6176d2a9d81e867ad3fb84a3",
    "idMembersVoted": [
        
    ],
    "idShort": 1,
    "idAttachmentCover": null,
    "idLabels": [
        
    ],
    "manualCoverAttachment": false,
    "name": "TestyantraAutomation",
    "pos": 16384,
    "shortLink": "w37dpUSp",
    "isTemplate": false,
    "cardRole": null,
    "dueComplete": false,
    "due": null,
    "email": null,
    "labels": [
        
    ],
    "shortUrl": "https://trello.com/c/w37dpUSp",
    "start": null,
    "url": "https://trello.com/c/w37dpUSp/1-testyantraautomation",
    "cover": {
        "idAttachment": null,
        "color": null,
        "idUploadedBackground": null,
        "size": "normal",
        "brightness": "dark",
        "idPlugin": null
    },
    "idMembers": [
        
    ],
    "attachments": [
        
    ],
    "badges": {
        "attachmentsByType": {
            "trello": {
                "board": 0,
                "card": 0
            }
        },
        "location": false,
        "votes": 0,
        "viewingMemberVoted": false,
        "subscribed": false,
        "fogbugz": "",
        "checkItems": 0,
        "checkItemsChecked": 0,
        "checkItemsEarliestDue": null,
        "comments": 0,
        "attachments": 0,
        "description": false,
        "due": null,
        "dueComplete": false,
        "start": null
    },
    "subscribed": false,
    "idChecklists": [
        
    ],
    "stickers": [
        
    ],
    "limits": {
        
    }
}
2021-10-25 21:22:08,296 10989 [main] INFO  com.demo.Trello.TC4_GetCard - Card fetched Successfully
2021-10-25 21:22:08,301 10994 [main] INFO  com.demo.Trello.TC4_GetCard - {
    "id": "6176d2ab02a37e2db3369f60",
    "checkItemStates": [
        
    ],
    "closed": false,
    "dateLastActivity": "2021-10-25T15:52:11.270Z",
    "desc": "",
    "descData": {
        "emoji": {
            
        }
    },
    "dueReminder": null,
    "idBoard": "6176d2a75e7aa45b3ffa9baa",
    "idList": "6176d2a9d81e867ad3fb84a3",
    "idMembersVoted": [
        
    ],
    "idShort": 1,
    "idAttachmentCover": null,
    "idLabels": [
        
    ],
    "manualCoverAttachment": false,
    "name": "TestyantraAutomation",
    "pos": 16384,
    "shortLink": "w37dpUSp",
    "isTemplate": false,
    "cardRole": null,
    "dueComplete": false,
    "due": null,
    "email": null,
    "labels": [
        
    ],
    "shortUrl": "https://trello.com/c/w37dpUSp",
    "start": null,
    "url": "https://trello.com/c/w37dpUSp/1-testyantraautomation",
    "idMembers": [
        
    ],
    "badges": {
        "attachmentsByType": {
            "trello": {
                "board": 0,
                "card": 0
            }
        },
        "location": false,
        "votes": 0,
        "viewingMemberVoted": false,
        "subscribed": false,
        "fogbugz": "",
        "checkItems": 0,
        "checkItemsChecked": 0,
        "checkItemsEarliestDue": null,
        "comments": 0,
        "attachments": 0,
        "description": false,
        "due": null,
        "dueComplete": false,
        "start": null
    },
    "subscribed": false,
    "idChecklists": [
        
    ],
    "cover": {
        "idAttachment": null,
        "color": null,
        "idUploadedBackground": null,
        "size": "normal",
        "brightness": "dark",
        "idPlugin": null
    }
}
2021-10-25 21:22:09,204 11897 [main] INFO  com.demo.Trello.TC5_UpdateCard - Card Updated Successfully using PUT Request
2021-10-25 21:22:09,214 11907 [main] INFO  com.demo.Trello.TC5_UpdateCard - {
    "id": "6176d2ab02a37e2db3369f60",
    "checkItemStates": [
        
    ],
    "closed": false,
    "dateLastActivity": "2021-10-25T15:52:13.152Z",
    "desc": "",
    "descData": {
        "emoji": {
            
        }
    },
    "dueReminder": null,
    "idBoard": "6176d2a75e7aa45b3ffa9baa",
    "idList": "6176d2a9d81e867ad3fb84a3",
    "idMembersVoted": [
        
    ],
    "idShort": 1,
    "idAttachmentCover": null,
    "idLabels": [
        
    ],
    "manualCoverAttachment": false,
    "name": "automationcard",
    "pos": 16384,
    "shortLink": "w37dpUSp",
    "isTemplate": false,
    "cardRole": null,
    "dueComplete": false,
    "due": null,
    "email": null,
    "labels": [
        
    ],
    "shortUrl": "https://trello.com/c/w37dpUSp",
    "start": null,
    "url": "https://trello.com/c/w37dpUSp/1-automationcard",
    "cover": {
        "idAttachment": null,
        "color": null,
        "idUploadedBackground": null,
        "size": "normal",
        "brightness": "dark",
        "idPlugin": null
    },
    "idMembers": [
        
    ],
    "badges": {
        "attachmentsByType": {
            "trello": {
                "board": 0,
                "card": 0
            }
        },
        "location": false,
        "votes": 0,
        "viewingMemberVoted": false,
        "subscribed": false,
        "fogbugz": "",
        "checkItems": 0,
        "checkItemsChecked": 0,
        "checkItemsEarliestDue": null,
        "comments": 0,
        "attachments": 0,
        "description": false,
        "due": null,
        "dueComplete": false,
        "start": null
    },
    "subscribed": false,
    "idChecklists": [
        
    ]
}
2021-10-25 21:22:10,034 12727 [main] INFO  com.demo.Trello.TC6_DeleteCard - Card Deleted Successfully
2021-10-25 21:22:10,035 12728 [main] INFO  com.demo.Trello.TC6_DeleteCard - invalid key
