2021-10-24 19:06:05,622 410  [main] INFO  com.demo.baseutil.BaseTest - Running locally JavaMail
2021-10-24 19:06:06,023 811  [main] INFO  com.demo.baseutil.BaseTest - Folder creation for Extent
2021-10-24 19:06:06,028 816  [main] INFO  com.demo.baseutil.BaseTest - ExtentDir:-C:\Users\Dell\Downloads\DemoMavenProjectNew\DemoMavenProjectNew/reports/Automation Report- 10_24_2021_19_06_06
2021-10-24 19:06:06,192 980  [main] INFO  com.demo.baseutil.BaseTest - Report Initiated
2021-10-24 19:06:12,398 7186 [main] INFO  com.demo.JobPortal.TC1_UserSignUp - Manikandan register successfully
2021-10-24 19:06:15,320 10108 [main] INFO  com.demo.JobPortal.TC2_GetToken - eyJhbGciOiJIUzUxMiJ9.eyJzdWIiOiJNYW5pa2FuZGFuIiwiZXhwIjoxNjM1MDg5Nzc4LCJpYXQiOjE2MzUwODI1Nzh9.yoLnjoIRD7CUWrcC7SCQhPYWUEEFxDYaV2U33IfXvb-Sz8rQPDWF9btWX8dNrMdvvT_Z8dICHDyoim3nvQEoYQ written in token.json file
2021-10-24 19:06:15,324 10112 [main] INFO  com.demo.JobPortal.TC2_GetToken - {
    "token": "eyJhbGciOiJIUzUxMiJ9.eyJzdWIiOiJNYW5pa2FuZGFuIiwiZXhwIjoxNjM1MDg5Nzc4LCJpYXQiOjE2MzUwODI1Nzh9.yoLnjoIRD7CUWrcC7SCQhPYWUEEFxDYaV2U33IfXvb-Sz8rQPDWF9btWX8dNrMdvvT_Z8dICHDyoim3nvQEoYQ"
}
2021-10-24 19:06:17,308 12096 [main] INFO  com.demo.JobPortal.TC3_CreateProject - {
    "jobId": 234,
    "jobTitle": "SDET Engineer",
    "jobDescription": "SDET Role",
    "experience": [
        "2 Years"
    ],
    "project": [
        {
            "projectName": "HCL",
            "technology": [
                "java"
            ]
        }
    ]
}
2021-10-24 19:06:19,105 13893 [main] INFO  com.demo.JobPortal.TC4_GetAllProjects - Project fetched Successfully
2021-10-24 19:06:19,113 13901 [main] INFO  com.demo.JobPortal.TC4_GetAllProjects - [
    {
        "jobId": 1,
        "jobTitle": "Software Engg",
        "jobDescription": "To develop andriod application",
        "experience": [
            "Google",
            "Apple",
            "Mobile Iron"
        ],
        "project": [
            {
                "projectName": "Movie App",
                "technology": [
                    "Kotlin",
                    "SQL Lite",
                    "Gradle"
                ]
            }
        ]
    },
    {
        "jobId": 234,
        "jobTitle": "SDET Engineer",
        "jobDescription": "SDET",
        "experience": [
            "4 Years"
        ],
        "project": [
            {
                "projectName": "HCL",
                "technology": [
                    "java"
                ]
            }
        ]
    },
    {
        "jobId": 234,
        "jobTitle": "SDET Engineer",
        "jobDescription": "SDET Role",
        "experience": [
            "2 Years"
        ],
        "project": [
            {
                "projectName": "HCL",
                "technology": [
                    "java"
                ]
            }
        ]
    },
    {
        "jobId": 234,
        "jobTitle": "SDET Engineer",
        "jobDescription": "SDET Role",
        "experience": [
            "2 Years"
        ],
        "project": [
            {
                "projectName": "HCL",
                "technology": [
                    "java"
                ]
            }
        ]
    }
]
