2021-10-26 10:40:46,618 364  [main] INFO  com.demo.baseutil.BaseTest - Running locally JavaMail
2021-10-26 10:40:46,996 742  [main] INFO  com.demo.baseutil.BaseTest - Folder creation for Extent
2021-10-26 10:40:47,000 746  [main] INFO  com.demo.baseutil.BaseTest - ExtentDir:-C:\Users\Dell\Downloads\DemoMavenProjectNew\DemoMavenProjectNew/reports/Automation Report- 10_26_2021_10_40_46
2021-10-26 10:40:47,163 909  [main] INFO  com.demo.baseutil.BaseTest - Report Initiated
2021-10-26 10:40:54,159 7905 [main] INFO  com.demo.Trello.TC1_CreateBoard - 61778de09189e013a902f01f written in .json file
2021-10-26 10:40:54,180 7926 [main] INFO  com.demo.Trello.TC1_CreateBoard - {
    "id": "61778de09189e013a902f01f",
    "name": "TestyantraAutomation",
    "desc": "",
    "descData": null,
    "closed": false,
    "idOrganization": "60c21b03202c167a2083ea7e",
    "idEnterprise": null,
    "pinned": false,
    "url": "https://trello.com/b/xzmNCuNX/testyantraautomation",
    "shortUrl": "https://trello.com/b/xzmNCuNX",
    "prefs": {
        "permissionLevel": "private",
        "hideVotes": false,
        "voting": "disabled",
        "comments": "members",
        "invitations": "members",
        "selfJoin": true,
        "cardCovers": true,
        "isTemplate": false,
        "cardAging": "regular",
        "calendarFeedEnabled": false,
        "background": "blue",
        "backgroundImage": null,
        "backgroundImageScaled": null,
        "backgroundTile": false,
        "backgroundBrightness": "dark",
        "backgroundColor": "#0079BF",
        "backgroundBottomColor": "#0079BF",
        "backgroundTopColor": "#0079BF",
        "canBePublic": true,
        "canBeEnterprise": true,
        "canBeOrg": true,
        "canBePrivate": true,
        "canInvite": true
    },
    "labelNames": {
        "green": "",
        "yellow": "",
        "orange": "",
        "red": "",
        "purple": "",
        "blue": "",
        "sky": "",
        "lime": "",
        "pink": "",
        "black": ""
    },
    "limits": {
        
    }
}
2021-10-26 10:41:00,032 13778 [main] ERROR com.demo.Trello.TC2_CreateList - Unable to Create list
2021-10-26 10:41:01,112 14858 [main] INFO  com.demo.Trello.TC3_CreateCard - 61778de99dae513c980ac720 written in .json file
2021-10-26 10:41:01,117 14863 [main] INFO  com.demo.Trello.TC3_CreateCard - {
    "id": "61778de99dae513c980ac720",
    "checkItemStates": [
        
    ],
    "closed": false,
    "dateLastActivity": "2021-10-26T05:11:05.196Z",
    "desc": "",
    "descData": {
        "emoji": {
            
        }
    },
    "dueReminder": null,
    "idBoard": "617786b346d6e47d59e52797",
    "idList": "617786bc7af1ce7d040a9834",
    "idMembersVoted": [
        
    ],
    "idShort": 2,
    "idAttachmentCover": null,
    "idLabels": [
        
    ],
    "manualCoverAttachment": false,
    "name": "TestyantraAutomation",
    "pos": 16384,
    "shortLink": "P5jtnjax",
    "isTemplate": false,
    "cardRole": null,
    "dueComplete": false,
    "due": null,
    "email": null,
    "labels": [
        
    ],
    "shortUrl": "https://trello.com/c/P5jtnjax",
    "start": null,
    "url": "https://trello.com/c/P5jtnjax/2-testyantraautomation",
    "cover": {
        "idAttachment": null,
        "color": null,
        "idUploadedBackground": null,
        "size": "normal",
        "brightness": "dark",
        "idPlugin": null
    },
    "idMembers": [
        
    ],
    "attachments": [
        
    ],
    "badges": {
        "attachmentsByType": {
            "trello": {
                "board": 0,
                "card": 0
            }
        },
        "location": false,
        "votes": 0,
        "viewingMemberVoted": false,
        "subscribed": false,
        "fogbugz": "",
        "checkItems": 0,
        "checkItemsChecked": 0,
        "checkItemsEarliestDue": null,
        "comments": 0,
        "attachments": 0,
        "description": false,
        "due": null,
        "dueComplete": false,
        "start": null
    },
    "subscribed": false,
    "idChecklists": [
        
    ],
    "stickers": [
        
    ],
    "limits": {
        
    }
}
2021-10-26 10:41:08,322 22068 [main] INFO  com.demo.Trello.TC6_DeleteCard - invalid id
