2021-10-26 10:10:08,944 434  [main] INFO  com.demo.baseutil.BaseTest - Running locally JavaMail
2021-10-26 10:10:09,445 935  [main] INFO  com.demo.baseutil.BaseTest - Folder creation for Extent
2021-10-26 10:10:09,448 938  [main] INFO  com.demo.baseutil.BaseTest - ExtentDir:-C:\Users\Dell\Downloads\DemoMavenProjectNew\DemoMavenProjectNew/reports/Automation Report- 10_26_2021_10_10_09
2021-10-26 10:10:09,623 1113 [main] INFO  com.demo.baseutil.BaseTest - Report Initiated
2021-10-26 10:10:18,495 9985 [main] INFO  com.demo.Trello.TC1_CreateBoard - 617786b346d6e47d59e52797 written in .json file
2021-10-26 10:10:18,529 10019 [main] INFO  com.demo.Trello.TC1_CreateBoard - {
    "id": "617786b346d6e47d59e52797",
    "name": "TestyantraAutomation",
    "desc": "",
    "descData": null,
    "closed": false,
    "idOrganization": "60c21b03202c167a2083ea7e",
    "idEnterprise": null,
    "pinned": false,
    "url": "https://trello.com/b/8YlLYkF8/testyantraautomation",
    "shortUrl": "https://trello.com/b/8YlLYkF8",
    "prefs": {
        "permissionLevel": "private",
        "hideVotes": false,
        "voting": "disabled",
        "comments": "members",
        "invitations": "members",
        "selfJoin": true,
        "cardCovers": true,
        "isTemplate": false,
        "cardAging": "regular",
        "calendarFeedEnabled": false,
        "background": "blue",
        "backgroundImage": null,
        "backgroundImageScaled": null,
        "backgroundTile": false,
        "backgroundBrightness": "dark",
        "backgroundColor": "#0079BF",
        "backgroundBottomColor": "#0079BF",
        "backgroundTopColor": "#0079BF",
        "canBePublic": true,
        "canBeEnterprise": true,
        "canBeOrg": true,
        "canBePrivate": true,
        "canInvite": true
    },
    "labelNames": {
        "green": "",
        "yellow": "",
        "orange": "",
        "red": "",
        "purple": "",
        "blue": "",
        "sky": "",
        "lime": "",
        "pink": "",
        "black": ""
    },
    "limits": {
        
    }
}
2021-10-26 10:10:24,406 15896 [main] INFO  com.demo.Trello.TC2_CreateList - 617786bc7af1ce7d040a9834 written in .json file
2021-10-26 10:10:24,416 15906 [main] INFO  com.demo.Trello.TC2_CreateList - {
    "id": "617786bc7af1ce7d040a9834",
    "name": "TestyantraAutomation",
    "closed": false,
    "pos": 8192,
    "idBoard": "617786b346d6e47d59e52797",
    "limits": {
        
    }
}
2021-10-26 10:10:30,314 21804 [main] INFO  com.demo.Trello.TC3_CreateCard - 617786c26df3304835679db7 written in .json file
2021-10-26 10:10:30,320 21810 [main] INFO  com.demo.Trello.TC3_CreateCard - {
    "id": "617786c26df3304835679db7",
    "checkItemStates": [
        
    ],
    "closed": false,
    "dateLastActivity": "2021-10-26T04:40:34.409Z",
    "desc": "",
    "descData": {
        "emoji": {
            
        }
    },
    "dueReminder": null,
    "idBoard": "617786b346d6e47d59e52797",
    "idList": "617786bc7af1ce7d040a9834",
    "idMembersVoted": [
        
    ],
    "idShort": 1,
    "idAttachmentCover": null,
    "idLabels": [
        
    ],
    "manualCoverAttachment": false,
    "name": "TestyantraAutomation",
    "pos": 16384,
    "shortLink": "nOlzg0MV",
    "isTemplate": false,
    "cardRole": null,
    "dueComplete": false,
    "due": null,
    "email": null,
    "labels": [
        
    ],
    "shortUrl": "https://trello.com/c/nOlzg0MV",
    "start": null,
    "url": "https://trello.com/c/nOlzg0MV/1-testyantraautomation",
    "cover": {
        "idAttachment": null,
        "color": null,
        "idUploadedBackground": null,
        "size": "normal",
        "brightness": "dark",
        "idPlugin": null
    },
    "idMembers": [
        
    ],
    "attachments": [
        
    ],
    "badges": {
        "attachmentsByType": {
            "trello": {
                "board": 0,
                "card": 0
            }
        },
        "location": false,
        "votes": 0,
        "viewingMemberVoted": false,
        "subscribed": false,
        "fogbugz": "",
        "checkItems": 0,
        "checkItemsChecked": 0,
        "checkItemsEarliestDue": null,
        "comments": 0,
        "attachments": 0,
        "description": false,
        "due": null,
        "dueComplete": false,
        "start": null
    },
    "subscribed": false,
    "idChecklists": [
        
    ],
    "stickers": [
        
    ],
    "limits": {
        
    }
}
2021-10-26 10:10:36,115 27605 [main] INFO  com.demo.Trello.TC4_GetCard - {
    "id": "617786c26df3304835679db7",
    "checkItemStates": [
        
    ],
    "closed": false,
    "dateLastActivity": "2021-10-26T04:40:34.409Z",
    "desc": "",
    "descData": {
        "emoji": {
            
        }
    },
    "dueReminder": null,
    "idBoard": "617786b346d6e47d59e52797",
    "idList": "617786bc7af1ce7d040a9834",
    "idMembersVoted": [
        
    ],
    "idShort": 1,
    "idAttachmentCover": null,
    "idLabels": [
        
    ],
    "manualCoverAttachment": false,
    "name": "TestyantraAutomation",
    "pos": 16384,
    "shortLink": "nOlzg0MV",
    "isTemplate": false,
    "cardRole": null,
    "dueComplete": false,
    "due": null,
    "email": null,
    "labels": [
        
    ],
    "shortUrl": "https://trello.com/c/nOlzg0MV",
    "start": null,
    "url": "https://trello.com/c/nOlzg0MV/1-testyantraautomation",
    "idMembers": [
        
    ],
    "badges": {
        "attachmentsByType": {
            "trello": {
                "board": 0,
                "card": 0
            }
        },
        "location": false,
        "votes": 0,
        "viewingMemberVoted": false,
        "subscribed": false,
        "fogbugz": "",
        "checkItems": 0,
        "checkItemsChecked": 0,
        "checkItemsEarliestDue": null,
        "comments": 0,
        "attachments": 0,
        "description": false,
        "due": null,
        "dueComplete": false,
        "start": null
    },
    "subscribed": false,
    "idChecklists": [
        
    ],
    "cover": {
        "idAttachment": null,
        "color": null,
        "idUploadedBackground": null,
        "size": "normal",
        "brightness": "dark",
        "idPlugin": null
    }
}
2021-10-26 10:10:42,100 33590 [main] INFO  com.demo.Trello.TC5_UpdateCard - {
    "id": "617786c26df3304835679db7",
    "checkItemStates": [
        
    ],
    "closed": false,
    "dateLastActivity": "2021-10-26T04:40:46.229Z",
    "desc": "",
    "descData": {
        "emoji": {
            
        }
    },
    "dueReminder": null,
    "idBoard": "617786b346d6e47d59e52797",
    "idList": "617786bc7af1ce7d040a9834",
    "idMembersVoted": [
        
    ],
    "idShort": 1,
    "idAttachmentCover": null,
    "idLabels": [
        
    ],
    "manualCoverAttachment": false,
    "name": "automationcard",
    "pos": 16384,
    "shortLink": "nOlzg0MV",
    "isTemplate": false,
    "cardRole": null,
    "dueComplete": false,
    "due": null,
    "email": null,
    "labels": [
        
    ],
    "shortUrl": "https://trello.com/c/nOlzg0MV",
    "start": null,
    "url": "https://trello.com/c/nOlzg0MV/1-automationcard",
    "cover": {
        "idAttachment": null,
        "color": null,
        "idUploadedBackground": null,
        "size": "normal",
        "brightness": "dark",
        "idPlugin": null
    },
    "idMembers": [
        
    ],
    "badges": {
        "attachmentsByType": {
            "trello": {
                "board": 0,
                "card": 0
            }
        },
        "location": false,
        "votes": 0,
        "viewingMemberVoted": false,
        "subscribed": false,
        "fogbugz": "",
        "checkItems": 0,
        "checkItemsChecked": 0,
        "checkItemsEarliestDue": null,
        "comments": 0,
        "attachments": 0,
        "description": false,
        "due": null,
        "dueComplete": false,
        "start": null
    },
    "subscribed": false,
    "idChecklists": [
        
    ]
}
2021-10-26 10:10:48,019 39509 [main] INFO  com.demo.Trello.TC6_DeleteCard - {
    "limits": {
        
    }
}
