2021-10-25 17:24:22,565 410  [main] INFO  com.demo.baseutil.BaseTest - Running locally JavaMail
2021-10-25 17:24:22,946 791  [main] INFO  com.demo.baseutil.BaseTest - Folder creation for Extent
2021-10-25 17:24:22,951 796  [main] INFO  com.demo.baseutil.BaseTest - ExtentDir:-C:\Users\Dell\Downloads\DemoMavenProjectNew\DemoMavenProjectNew/reports/Automation Report- 10_25_2021_17_24_22
2021-10-25 17:24:23,131 976  [main] INFO  com.demo.baseutil.BaseTest - Report Initiated
2021-10-25 17:24:30,368 8213 [main] INFO  com.demo.Trello.TC1_CreateBoard - 61769af955135d2a906e415c written in token.json file
2021-10-25 17:24:30,415 8260 [main] INFO  com.demo.Trello.TC1_CreateBoard - {
    "id": "61769af955135d2a906e415c",
    "name": "testyantraAutomation",
    "desc": "",
    "descData": null,
    "closed": false,
    "idOrganization": "60c21b03202c167a2083ea7e",
    "idEnterprise": null,
    "pinned": false,
    "url": "https://trello.com/b/2LMPPLhg/testyantraautomation",
    "shortUrl": "https://trello.com/b/2LMPPLhg",
    "prefs": {
        "permissionLevel": "private",
        "hideVotes": false,
        "voting": "disabled",
        "comments": "members",
        "invitations": "members",
        "selfJoin": true,
        "cardCovers": true,
        "isTemplate": false,
        "cardAging": "regular",
        "calendarFeedEnabled": false,
        "background": "blue",
        "backgroundImage": null,
        "backgroundImageScaled": null,
        "backgroundTile": false,
        "backgroundBrightness": "dark",
        "backgroundColor": "#0079BF",
        "backgroundBottomColor": "#0079BF",
        "backgroundTopColor": "#0079BF",
        "canBePublic": true,
        "canBeEnterprise": true,
        "canBeOrg": true,
        "canBePrivate": true,
        "canInvite": true
    },
    "labelNames": {
        "green": "",
        "yellow": "",
        "orange": "",
        "red": "",
        "purple": "",
        "blue": "",
        "sky": "",
        "lime": "",
        "pink": "",
        "black": ""
    },
    "limits": {
        
    }
}
2021-10-25 17:24:31,355 9200 [main] INFO  com.demo.Trello.TC2_CreateList - 61769afb5a9b335baaf6e15f written in token.json file
2021-10-25 17:24:31,358 9203 [main] INFO  com.demo.Trello.TC2_CreateList - {
    "id": "61769afb5a9b335baaf6e15f",
    "name": "automation",
    "closed": false,
    "pos": 8192,
    "idBoard": "61769af955135d2a906e415c",
    "limits": {
        
    }
}
2021-10-25 17:24:32,338 10183 [main] INFO  com.demo.Trello.TC3_CreateCard - 61769afc8ec7f61e7215bd9f written in token.json file
2021-10-25 17:24:32,340 10185 [main] INFO  com.demo.Trello.TC3_CreateCard - Project Created Successfully
2021-10-25 17:24:32,344 10189 [main] INFO  com.demo.Trello.TC3_CreateCard - {
    "id": "61769afc8ec7f61e7215bd9f",
    "checkItemStates": [
        
    ],
    "closed": false,
    "dateLastActivity": "2021-10-25T11:54:36.806Z",
    "desc": "",
    "descData": {
        "emoji": {
            
        }
    },
    "dueReminder": null,
    "idBoard": "61769af955135d2a906e415c",
    "idList": "61769afb5a9b335baaf6e15f",
    "idMembersVoted": [
        
    ],
    "idShort": 1,
    "idAttachmentCover": null,
    "idLabels": [
        
    ],
    "manualCoverAttachment": false,
    "name": "automationcard",
    "pos": 16384,
    "shortLink": "VpfCaZ7t",
    "isTemplate": false,
    "cardRole": null,
    "dueComplete": false,
    "due": null,
    "email": null,
    "labels": [
        
    ],
    "shortUrl": "https://trello.com/c/VpfCaZ7t",
    "start": null,
    "url": "https://trello.com/c/VpfCaZ7t/1-automationcard",
    "cover": {
        "idAttachment": null,
        "color": null,
        "idUploadedBackground": null,
        "size": "normal",
        "brightness": "dark",
        "idPlugin": null
    },
    "idMembers": [
        
    ],
    "attachments": [
        
    ],
    "badges": {
        "attachmentsByType": {
            "trello": {
                "board": 0,
                "card": 0
            }
        },
        "location": false,
        "votes": 0,
        "viewingMemberVoted": false,
        "subscribed": false,
        "fogbugz": "",
        "checkItems": 0,
        "checkItemsChecked": 0,
        "checkItemsEarliestDue": null,
        "comments": 0,
        "attachments": 0,
        "description": false,
        "due": null,
        "dueComplete": false,
        "start": null
    },
    "subscribed": false,
    "idChecklists": [
        
    ],
    "stickers": [
        
    ],
    "limits": {
        
    }
}
2021-10-25 17:24:33,240 11085 [main] INFO  com.demo.Trello.TC4_GetCard - Project fetched Successfully
2021-10-25 17:24:33,243 11088 [main] INFO  com.demo.Trello.TC4_GetCard - {
    "id": "61769afc8ec7f61e7215bd9f",
    "checkItemStates": [
        
    ],
    "closed": false,
    "dateLastActivity": "2021-10-25T11:54:36.806Z",
    "desc": "",
    "descData": {
        "emoji": {
            
        }
    },
    "dueReminder": null,
    "idBoard": "61769af955135d2a906e415c",
    "idList": "61769afb5a9b335baaf6e15f",
    "idMembersVoted": [
        
    ],
    "idShort": 1,
    "idAttachmentCover": null,
    "idLabels": [
        
    ],
    "manualCoverAttachment": false,
    "name": "automationcard",
    "pos": 16384,
    "shortLink": "VpfCaZ7t",
    "isTemplate": false,
    "cardRole": null,
    "dueComplete": false,
    "due": null,
    "email": null,
    "labels": [
        
    ],
    "shortUrl": "https://trello.com/c/VpfCaZ7t",
    "start": null,
    "url": "https://trello.com/c/VpfCaZ7t/1-automationcard",
    "idMembers": [
        
    ],
    "badges": {
        "attachmentsByType": {
            "trello": {
                "board": 0,
                "card": 0
            }
        },
        "location": false,
        "votes": 0,
        "viewingMemberVoted": false,
        "subscribed": false,
        "fogbugz": "",
        "checkItems": 0,
        "checkItemsChecked": 0,
        "checkItemsEarliestDue": null,
        "comments": 0,
        "attachments": 0,
        "description": false,
        "due": null,
        "dueComplete": false,
        "start": null
    },
    "subscribed": false,
    "idChecklists": [
        
    ],
    "cover": {
        "idAttachment": null,
        "color": null,
        "idUploadedBackground": null,
        "size": "normal",
        "brightness": "dark",
        "idPlugin": null
    }
}
2021-10-25 17:24:34,085 11930 [main] INFO  com.demo.Trello.TC5_UpdateCard - Project Updated Successfully using PUT Request
2021-10-25 17:24:34,089 11934 [main] INFO  com.demo.Trello.TC5_UpdateCard - {
    "id": "61769afc8ec7f61e7215bd9f",
    "checkItemStates": [
        
    ],
    "closed": false,
    "dateLastActivity": "2021-10-25T11:54:36.806Z",
    "desc": "",
    "descData": {
        "emoji": {
            
        }
    },
    "dueReminder": null,
    "idBoard": "61769af955135d2a906e415c",
    "idList": "61769afb5a9b335baaf6e15f",
    "idMembersVoted": [
        
    ],
    "idShort": 1,
    "idAttachmentCover": null,
    "idLabels": [
        
    ],
    "manualCoverAttachment": false,
    "name": "automationcard",
    "pos": 16384,
    "shortLink": "VpfCaZ7t",
    "isTemplate": false,
    "cardRole": null,
    "dueComplete": false,
    "due": null,
    "email": null,
    "labels": [
        
    ],
    "shortUrl": "https://trello.com/c/VpfCaZ7t",
    "start": null,
    "url": "https://trello.com/c/VpfCaZ7t/1-automationcard",
    "cover": {
        "idAttachment": null,
        "color": null,
        "idUploadedBackground": null,
        "size": "normal",
        "brightness": "dark",
        "idPlugin": null
    },
    "idMembers": [
        
    ],
    "badges": {
        "attachmentsByType": {
            "trello": {
                "board": 0,
                "card": 0
            }
        },
        "location": false,
        "votes": 0,
        "viewingMemberVoted": false,
        "subscribed": false,
        "fogbugz": "",
        "checkItems": 0,
        "checkItemsChecked": 0,
        "checkItemsEarliestDue": null,
        "comments": 0,
        "attachments": 0,
        "description": false,
        "due": null,
        "dueComplete": false,
        "start": null
    },
    "subscribed": false,
    "idChecklists": [
        
    ]
}
2021-10-25 17:24:34,832 12677 [main] INFO  com.demo.Trello.TC6_DeleteCard - Project Deleted Successfully
2021-10-25 17:24:34,833 12678 [main] INFO  com.demo.Trello.TC6_DeleteCard - invalid key
